[NEXUS] Starting System Initialization...
[NEXUS] Hunting for dangling HexaPlanner processes...
[NEXUS] No directory-bound dangling processes found.
[NEXUS] Compiling System...
Resolving Hex dependencies...
Resolution completed in 0.217s
Unchanged:
  bandit 1.4.2
  bunt 1.0.0
  castore 1.0.18
  credo 1.7.17
  db_connection 2.9.0
  decimal 2.3.0
  delta_crdt 0.6.5
  dialyxir 1.4.3
  ecto 3.11.2
  ecto_sql 3.11.1
  erlex 0.2.8
  file_system 1.1.1
  finch 0.21.0
  floki 0.38.1
  geo 4.1.0
  geo_postgis 3.7.1
  horde 0.9.0
  hpax 0.1.2
  jason 1.4.1
  libring 1.7.0
  merkle_map 0.2.2
  mime 2.0.7
  mint 1.7.1
  nimble_csv 1.3.0
  nimble_options 1.1.1
  nimble_pool 1.1.0
  oban 2.18.0
  phoenix 1.7.14
  phoenix_html 4.1.1
  phoenix_live_view 1.0.0-rc.7
  phoenix_pubsub 2.2.0
  phoenix_template 1.0.4
  plug 1.19.1
  plug_crypto 2.1.1
  postgrex 0.17.5
  req 0.5.17
  rustler 0.35.0
  telemetry 1.4.1
  telemetry_poller 1.3.0
  thousand_island 1.4.3
  toml 0.7.0
  websock 0.5.3
  websock_adapter 0.5.9
All dependencies have been fetched
Compiling 1 file (.ex)
Compiling crate hexa_solver in release mode (native/hexa_solver)
   Compiling hexa_solver v0.1.0 (/home/dstadel/projects/incubator-kie-optaplanner/hexaplanner/native/hexa_solver)
    Finished `release` profile [optimized] target(s) in 4.75s
    warning: unused alias Trip
    │
  6 │   alias HexaPlanner.GTFS.{Stop, Trip, StopTime}
    │   ~
    │
    └─ lib/hexaplanner/simulation/engine.ex:6:3

     warning: outdented heredoc line. The contents inside the heredoc should be indented at the same level as the closing """. The following is forbidden:

         def text do
           """
         contents
           """
         end

     Instead make sure the contents are indented as much as the heredoc closing:

         def text do
           """
           contents
           """
         end

     The current heredoc line is indented too little
     │
 211 │   <!-- Map Overlay HUD -->
     │       ~
     │
     └─ lib/hexaplanner_web/live/twin_live.ex:211:7

Generated hexaplanner app
[NEXUS] Igniting Tick Engine on Port 14326...
    warning: unused alias Trip
    │
  6 │   alias HexaPlanner.GTFS.{Stop, Trip, StopTime}
    │   ~
    │
    └─ lib/hexaplanner/simulation/engine.ex:6:3

     warning: outdented heredoc line. The contents inside the heredoc should be indented at the same level as the closing """. The following is forbidden:

         def text do
           """
         contents
           """
         end

     Instead make sure the contents are indented as much as the heredoc closing:

         def text do
           """
           contents
           """
         end

     The current heredoc line is indented too little
     │
 211 │   <!-- Map Overlay HUD -->
     │       ~
     │
     └─ lib/hexaplanner_web/live/twin_live.ex:211:7


23:42:06.220 [info] Running HexaPlannerWeb.Endpoint with Bandit 1.4.2 at 0.0.0.0:14326 (http)

23:42:06.228 [info] Access HexaPlannerWeb.Endpoint at http://localhost:14326

23:42:06.301 [info] Starting Horde.RegistryImpl with name HexaPlanner.HordeRegistry

23:42:06.326 [info] Starting Horde.DynamicSupervisorImpl with name HexaPlanner.HordeSupervisor

23:42:06.328 [info] Simulation Engine initializing...

23:42:07.025 [debug] QUERY OK source="gtfs_stops" db=597.7ms decode=10.5ms queue=1.2ms idle=142.8ms
SELECT g0."id", g0."original_stop_id", g0."stop_name", g0."abbreviation", g0."location", g0."location_type", g0."parent_station", g0."platform_code" FROM "gtfs_stops" AS g0 []
[90m↳ HexaPlanner.Simulation.Engine.perform_ignite_sequence/1, at: lib/hexaplanner/simulation/engine.ex:37[0m

23:42:07.107 [info] CONNECTED TO Phoenix.LiveView.Socket in 35µs
  Transport: :websocket
  Serializer: Phoenix.Socket.V2.JSONSerializer
  Parameters: %{"_csrf_token" => "LFYjBhZuTh8aajxxfiY6M3waPBxNICRBeaijaWcsv8ZEHtp_LIiXyAB-", "_live_referer" => "undefined", "_mount_attempts" => "0", "_mounts" => "0", "_track_static" => %{"0" => "http://localhost:14326/css/maplibre-gl.css", "1" => "http://localhost:14326/js/vendor/tailwind.min.js", "2" => "http://localhost:14326/js/vendor/pmtiles.js", "3" => "http://localhost:14326/js/vendor/maplibre-gl.js", "4" => "http://localhost:14326/js/vendor/deck.gl.min.js", "5" => "http://localhost:14326/js/vendor/phoenix.min.js", "6" => "http://localhost:14326/js/vendor/phoenix_live_view.min.js", "7" => "http://localhost:14326/js/app.js"}, "vsn" => "2.0.0"}

23:42:07.179 [debug] MOUNT HexaPlannerWeb.TwinLive
  Parameters: %{}
  Session: %{"_csrf_token" => "I7Jlw9-llRf46RJl0SUD4afl"}

23:42:07.187 [debug] Replied in 11ms

23:42:12.201 [info] CONNECTED TO Phoenix.LiveView.Socket in 19µs
  Transport: :websocket
  Serializer: Phoenix.Socket.V2.JSONSerializer
  Parameters: %{"_csrf_token" => "Kls9C2AJNB48DggsExUxVQIAJVQ7OzMwp6sH2grAxi1Dq-H8flQeO_vj", "_live_referer" => "undefined", "_mount_attempts" => "0", "_mounts" => "0", "_track_static" => %{"0" => "http://localhost:14326/css/maplibre-gl.css", "1" => "http://localhost:14326/js/vendor/tailwind.min.js", "2" => "http://localhost:14326/js/vendor/pmtiles.js", "3" => "http://localhost:14326/js/vendor/maplibre-gl.js", "4" => "http://localhost:14326/js/vendor/deck.gl.min.js", "5" => "http://localhost:14326/js/vendor/phoenix.min.js", "6" => "http://localhost:14326/js/vendor/phoenix_live_view.min.js", "7" => "http://localhost:14326/js/app.js"}, "vsn" => "2.0.0"}

23:42:12.205 [debug] MOUNT HexaPlannerWeb.TwinLive
  Parameters: %{}
  Session: %{"_csrf_token" => "ZmNCRnF_Dg9hb8ymdlt1tdEZ"}

23:42:12.205 [debug] Replied in 197µs

00:28:28.393 [notice] SIGTERM received - shutting down


00:28:28.967 [info] Shutting down 2 sockets in 1 rounds of 2000ms
