     warning: function stream_insert_many/3 is unused
     │
 107 │   defp stream_insert_many(socket, name, items) do
     │        ~
     │
     └─ lib/hexarail_web/live/twin_live.ex:107:8: HexaRailWeb.TwinLive (module)

    warning: unused alias Trip
    │
  6 │   alias HexaRail.GTFS.{Stop, Trip, StopTime}
    │   ~
    │
    └─ lib/hexarail/simulation/engine.ex:6:3


19:21:16.063 [info] Starting Horde.RegistryImpl with name HexaRail.HordeRegistry

19:21:16.127 [info] Starting Horde.DynamicSupervisorImpl with name HexaRail.HordeSupervisor

19:21:16.133 [info] Simulation Engine initializing...

19:21:16.162 [info] [IGNITION] 0% - Analyzing Physical Infrastructure...

19:21:16.194 [info] Importing Feed Info: [Current DB: 2 entries | Source File: 1 entries]

19:21:16.234 [info] ✅ Feed Info ingestion finished: +1 new entries in 0.04s

19:21:16.245 [info] Importing Agency: [Current DB: 463 entries | Source File: 463 entries]
.

19:21:16.367 [info] ✅ Agency ingestion finished: +0 new entries in 0.12s

19:21:16.381 [info] Importing Routes: [Current DB: 4853 entries | Source File: 4853 entries]
.

19:21:16.583 [info] ✅ Routes ingestion finished: +0 new entries in 0.2s

19:21:16.650 [info] Importing Stops: [Current DB: 96978 entries | Source File: 96978 entries]

19:21:17.181 [debug] QUERY OK source="gtfs_stops" db=912.4ms decode=6.4ms queue=4.6ms idle=141.1ms
SELECT g0."id", g0."original_stop_id", g0."stop_name", g0."abbreviation", g0."location", g0."location_type", g0."parent_station", g0."platform_code" FROM "gtfs_stops" AS g0 []
[90m↳ HexaRail.Simulation.Engine.perform_ignite_sequence/1, at: lib/hexarail/simulation/engine.ex:38[0m

19:21:17.566 [info] [IGNITION] 10% - 100,000 Station Nodes Indexed

19:21:19.587 [info] [IGNITION] 25% - Physical Rail Geometry Linked (KD-Tree Active)

19:21:25.265 [info] [IGNITION] 40% - Micro-Topology (OSM) Stitched to Hubs

19:21:25.312 [info] [IGNITION] 60% - Zero-Copy Deserialization: Thawing STIG Snapshot...

19:21:25.314 [info] [IGNITION] 95% - STIG Matrix Restored from Cold Storage.

19:21:25.314 [info] [IGNITION] 100% - All Systems Green. Launching.
...........
19:21:26.317 [info] [TICK] Time: 28800 | Active Trains: 0 | Health: Delay=0s Conflicts=0
.....................
19:21:27.318 [info] [TICK] Time: 28860 | Active Trains: 0 | Health: Delay=0s Conflicts=0
....................
19:21:28.319 [info] [TICK] Time: 28920 | Active Trains: 0 | Health: Delay=0s Conflicts=0
............................
19:21:29.320 [info] [TICK] Time: 28980 | Active Trains: 0 | Health: Delay=0s Conflicts=0
.................

19:21:30.223 [info] ✅ Stops ingestion finished: +0 new entries in 13.57s

19:21:30.270 [info] Importing Calendars: [Current DB: 42002 entries | Source File: 42002 entries]

19:21:30.321 [info] [TICK] Time: 29040 | Active Trains: 0 | Health: Delay=0s Conflicts=0
......
19:21:31.322 [info] [TICK] Time: 29100 | Active Trains: 0 | Health: Delay=0s Conflicts=0
...

19:21:31.683 [info] ✅ Calendars ingestion finished: +0 new entries in 1.41s

19:21:32.323 [info] [TICK] Time: 29160 | Active Trains: 0 | Health: Delay=0s Conflicts=0

19:21:33.324 [info] [TICK] Time: 29220 | Active Trains: 0 | Health: Delay=0s Conflicts=0

19:21:34.325 [info] [TICK] Time: 29280 | Active Trains: 0 | Health: Delay=0s Conflicts=0

19:21:35.231 [info] Importing Calendar Dates: [Current DB: 9544830 entries | Source File: 6384830 entries]

19:21:35.326 [info] [TICK] Time: 29340 | Active Trains: 0 | Health: Delay=0s Conflicts=0
..
19:21:36.327 [info] [TICK] Time: 29400 | Active Trains: 0 | Health: Delay=0s Conflicts=0
...
19:21:37.328 [info] [TICK] Time: 29460 | Active Trains: 0 | Health: Delay=0s Conflicts=0
...
19:21:38.329 [info] [TICK] Time: 29520 | Active Trains: 0 | Health: Delay=0s Conflicts=0
....
19:21:39.330 [info] [TICK] Time: 29580 | Active Trains: 0 | Health: Delay=0s Conflicts=0
..
19:21:40.331 [info] [TICK] Time: 29640 | Active Trains: 0 | Health: Delay=0s Conflicts=0
...
19:21:41.332 [info] [TICK] Time: 29700 | Active Trains: 0 | Health: Delay=0s Conflicts=0
...
19:21:42.334 [info] [TICK] Time: 29760 | Active Trains: 0 | Health: Delay=0s Conflicts=0
..
19:21:43.335 [info] [TICK] Time: 29820 | Active Trains: 0 | Health: Delay=0s Conflicts=0
...
19:21:44.336 [info] [TICK] Time: 29880 | Active Trains: 0 | Health: Delay=0s Conflicts=0
...
19:21:45.339 [info] [TICK] Time: 29940 | Active Trains: 0 | Health: Delay=0s Conflicts=0
...
19:21:46.340 [info] [TICK] Time: 30000 | Active Trains: 0 | Health: Delay=0s Conflicts=0
.
19:21:47.341 [info] [TICK] Time: 30060 | Active Trains: 0 | Health: Delay=0s Conflicts=0
..
19:21:48.342 [info] [TICK] Time: 30120 | Active Trains: 0 | Health: Delay=0s Conflicts=0
..
19:21:49.344 [info] [TICK] Time: 30180 | Active Trains: 0 | Health: Delay=0s Conflicts=0
..
19:21:50.345 [info] [TICK] Time: 30240 | Active Trains: 0 | Health: Delay=0s Conflicts=0
..
19:21:51.348 [info] [TICK] Time: 30300 | Active Trains: 0 | Health: Delay=0s Conflicts=0
..
19:21:52.349 [info] [TICK] Time: 30360 | Active Trains: 0 | Health: Delay=0s Conflicts=0
.
19:21:53.350 [info] [TICK] Time: 30420 | Active Trains: 0 | Health: Delay=0s Conflicts=0
..
19:21:54.351 [info] [TICK] Time: 30480 | Active Trains: 0 | Health: Delay=0s Conflicts=0
..
19:21:55.353 [info] [TICK] Time: 30540 | Active Trains: 0 | Health: Delay=0s Conflicts=0
..
19:21:56.354 [info] [TICK] Time: 30600 | Active Trains: 0 | Health: Delay=0s Conflicts=0
..
19:21:57.355 [info] [TICK] Time: 30660 | Active Trains: 0 | Health: Delay=0s Conflicts=0
..
19:21:58.358 [info] [TICK] Time: 30720 | Active Trains: 0 | Health: Delay=0s Conflicts=0
..
19:21:59.359 [info] [TICK] Time: 30780 | Active Trains: 0 | Health: Delay=0s Conflicts=0
.
19:22:00.360 [info] [TICK] Time: 30840 | Active Trains: 0 | Health: Delay=0s Conflicts=0
.
19:22:01.361 [info] [TICK] Time: 30900 | Active Trains: 0 | Health: Delay=0s Conflicts=0
.
19:22:02.362 [info] [TICK] Time: 30960 | Active Trains: 0 | Health: Delay=0s Conflicts=0
.
19:22:03.363 [info] [TICK] Time: 31020 | Active Trains: 0 | Health: Delay=0s Conflicts=0
.
19:22:04.364 [info] [TICK] Time: 31080 | Active Trains: 0 | Health: Delay=0s Conflicts=0
...
19:22:05.365 [info] [TICK] Time: 31140 | Active Trains: 0 | Health: Delay=0s Conflicts=0
.
19:22:06.366 [info] [TICK] Time: 31200 | Active Trains: 0 | Health: Delay=0s Conflicts=0
...
19:22:07.367 [info] [TICK] Time: 31260 | Active Trains: 0 | Health: Delay=0s Conflicts=0
..
19:22:08.372 [info] [TICK] Time: 31320 | Active Trains: 0 | Health: Delay=0s Conflicts=0
...
19:22:09.373 [info] [TICK] Time: 31380 | Active Trains: 0 | Health: Delay=0s Conflicts=0
...
19:22:10.375 [info] [TICK] Time: 31440 | Active Trains: 0 | Health: Delay=0s Conflicts=0
...
19:22:11.376 [info] [TICK] Time: 31500 | Active Trains: 0 | Health: Delay=0s Conflicts=0
.
19:22:12.377 [info] [TICK] Time: 31560 | Active Trains: 0 | Health: Delay=0s Conflicts=0
...
19:22:13.378 [info] [TICK] Time: 31620 | Active Trains: 0 | Health: Delay=0s Conflicts=0
...
19:22:14.379 [info] [TICK] Time: 31680 | Active Trains: 0 | Health: Delay=0s Conflicts=0
...
19:22:15.380 [info] [TICK] Time: 31740 | Active Trains: 0 | Health: Delay=0s Conflicts=0
....
19:22:16.381 [info] [TICK] Time: 31800 | Active Trains: 0 | Health: Delay=0s Conflicts=0
...
19:22:17.382 [info] [TICK] Time: 31860 | Active Trains: 0 | Health: Delay=0s Conflicts=0
...
19:22:18.383 [info] [TICK] Time: 31920 | Active Trains: 0 | Health: Delay=0s Conflicts=0
....
19:22:19.384 [info] [TICK] Time: 31980 | Active Trains: 0 | Health: Delay=0s Conflicts=0
...
19:22:20.385 [info] [TICK] Time: 32040 | Active Trains: 0 | Health: Delay=0s Conflicts=0
...
19:22:21.386 [info] [TICK] Time: 32100 | Active Trains: 0 | Health: Delay=0s Conflicts=0
...
19:22:22.387 [info] [TICK] Time: 32160 | Active Trains: 0 | Health: Delay=0s Conflicts=0
....
19:22:23.388 [info] [TICK] Time: 32220 | Active Trains: 0 | Health: Delay=0s Conflicts=0
....
19:22:24.389 [info] [TICK] Time: 32280 | Active Trains: 0 | Health: Delay=0s Conflicts=0
....
19:22:25.390 [info] [TICK] Time: 32340 | Active Trains: 0 | Health: Delay=0s Conflicts=0
...
19:22:26.391 [info] [TICK] Time: 32400 | Active Trains: 0 | Health: Delay=0s Conflicts=0
...
19:22:27.392 [info] [TICK] Time: 32460 | Active Trains: 0 | Health: Delay=0s Conflicts=0
...
19:22:28.393 [info] [TICK] Time: 32520 | Active Trains: 0 | Health: Delay=0s Conflicts=0
....
19:22:29.394 [info] [TICK] Time: 32580 | Active Trains: 0 | Health: Delay=0s Conflicts=0
....
19:22:30.395 [info] [TICK] Time: 32640 | Active Trains: 0 | Health: Delay=0s Conflicts=0
...
19:22:31.396 [info] [TICK] Time: 32700 | Active Trains: 0 | Health: Delay=0s Conflicts=0
...
19:22:32.397 [info] [TICK] Time: 32760 | Active Trains: 0 | Health: Delay=0s Conflicts=0
...
19:22:33.398 [info] [TICK] Time: 32820 | Active Trains: 0 | Health: Delay=0s Conflicts=0
..
19:22:34.401 [info] [TICK] Time: 32880 | Active Trains: 0 | Health: Delay=0s Conflicts=0
..
19:22:35.402 [info] [TICK] Time: 32940 | Active Trains: 0 | Health: Delay=0s Conflicts=0
...
19:22:36.403 [info] [TICK] Time: 33000 | Active Trains: 0 | Health: Delay=0s Conflicts=0
..
19:22:37.404 [info] [TICK] Time: 33060 | Active Trains: 0 | Health: Delay=0s Conflicts=0
....
19:22:38.405 [info] [TICK] Time: 33120 | Active Trains: 0 | Health: Delay=0s Conflicts=0
..
19:22:39.406 [info] [TICK] Time: 33180 | Active Trains: 0 | Health: Delay=0s Conflicts=0
...
19:22:40.407 [info] [TICK] Time: 33240 | Active Trains: 0 | Health: Delay=0s Conflicts=0
...
19:22:41.408 [info] [TICK] Time: 33300 | Active Trains: 0 | Health: Delay=0s Conflicts=0
.
19:22:42.409 [info] [TICK] Time: 33360 | Active Trains: 0 | Health: Delay=0s Conflicts=0
...
19:22:43.410 [info] [TICK] Time: 33420 | Active Trains: 0 | Health: Delay=0s Conflicts=0
..
19:22:44.411 [info] [TICK] Time: 33480 | Active Trains: 0 | Health: Delay=0s Conflicts=0
..
19:22:45.412 [info] [TICK] Time: 33540 | Active Trains: 0 | Health: Delay=0s Conflicts=0
..
19:22:46.419 [info] [TICK] Time: 33600 | Active Trains: 0 | Health: Delay=0s Conflicts=0
..
19:22:47.420 [info] [TICK] Time: 33660 | Active Trains: 0 | Health: Delay=0s Conflicts=0
.
19:22:48.423 [info] [TICK] Time: 33720 | Active Trains: 0 | Health: Delay=0s Conflicts=0
.
19:22:49.424 [info] [TICK] Time: 33780 | Active Trains: 0 | Health: Delay=0s Conflicts=0
.
19:22:50.427 [info] [TICK] Time: 33840 | Active Trains: 0 | Health: Delay=0s Conflicts=0
...
19:22:51.428 [info] [TICK] Time: 33900 | Active Trains: 0 | Health: Delay=0s Conflicts=0
...
19:22:52.429 [info] [TICK] Time: 33960 | Active Trains: 0 | Health: Delay=0s Conflicts=0
...
19:22:53.430 [info] [TICK] Time: 34020 | Active Trains: 0 | Health: Delay=0s Conflicts=0
....
19:22:54.431 [info] [TICK] Time: 34080 | Active Trains: 0 | Health: Delay=0s Conflicts=0
....
19:22:55.432 [info] [TICK] Time: 34140 | Active Trains: 0 | Health: Delay=0s Conflicts=0
...
19:22:56.433 [info] [TICK] Time: 34200 | Active Trains: 0 | Health: Delay=0s Conflicts=0
...
19:22:57.434 [info] [TICK] Time: 34260 | Active Trains: 0 | Health: Delay=0s Conflicts=0
....
19:22:58.437 [info] [TICK] Time: 34320 | Active Trains: 0 | Health: Delay=0s Conflicts=0
..
19:22:59.439 [info] [TICK] Time: 34380 | Active Trains: 0 | Health: Delay=0s Conflicts=0
...
19:23:00.440 [info] [TICK] Time: 34440 | Active Trains: 0 | Health: Delay=0s Conflicts=0
....
19:23:01.441 [info] [TICK] Time: 34500 | Active Trains: 0 | Health: Delay=0s Conflicts=0
....
19:23:02.442 [info] [TICK] Time: 34560 | Active Trains: 0 | Health: Delay=0s Conflicts=0
...
19:23:03.443 [info] [TICK] Time: 34620 | Active Trains: 0 | Health: Delay=0s Conflicts=0
...
19:23:04.444 [info] [TICK] Time: 34680 | Active Trains: 0 | Health: Delay=0s Conflicts=0
...
19:23:05.445 [info] [TICK] Time: 34740 | Active Trains: 0 | Health: Delay=0s Conflicts=0
....
19:23:06.446 [info] [TICK] Time: 34800 | Active Trains: 0 | Health: Delay=0s Conflicts=0
...
19:23:07.447 [info] [TICK] Time: 34860 | Active Trains: 0 | Health: Delay=0s Conflicts=0
.
19:23:08.448 [info] [TICK] Time: 34920 | Active Trains: 0 | Health: Delay=0s Conflicts=0
..
19:23:09.449 [info] [TICK] Time: 34980 | Active Trains: 0 | Health: Delay=0s Conflicts=0
...
19:23:10.450 [info] [TICK] Time: 35040 | Active Trains: 0 | Health: Delay=0s Conflicts=0
...
19:23:11.451 [info] [TICK] Time: 35100 | Active Trains: 0 | Health: Delay=0s Conflicts=0
...
19:23:12.452 [info] [TICK] Time: 35160 | Active Trains: 0 | Health: Delay=0s Conflicts=0
...
19:23:13.453 [info] [TICK] Time: 35220 | Active Trains: 0 | Health: Delay=0s Conflicts=0
...
19:23:14.454 [info] [TICK] Time: 35280 | Active Trains: 0 | Health: Delay=0s Conflicts=0
...
19:23:15.455 [info] [TICK] Time: 35340 | Active Trains: 0 | Health: Delay=0s Conflicts=0
....
19:23:16.456 [info] [TICK] Time: 35400 | Active Trains: 0 | Health: Delay=0s Conflicts=0
....
19:23:17.457 [info] [TICK] Time: 35460 | Active Trains: 0 | Health: Delay=0s Conflicts=0
...
19:23:18.458 [info] [TICK] Time: 35520 | Active Trains: 0 | Health: Delay=0s Conflicts=0
....
19:23:19.459 [info] [TICK] Time: 35580 | Active Trains: 0 | Health: Delay=0s Conflicts=0
...
19:23:20.460 [info] [TICK] Time: 35640 | Active Trains: 0 | Health: Delay=0s Conflicts=0
...
19:23:21.461 [info] [TICK] Time: 35700 | Active Trains: 0 | Health: Delay=0s Conflicts=0
...
19:23:22.462 [info] [TICK] Time: 35760 | Active Trains: 0 | Health: Delay=0s Conflicts=0
...
19:23:23.463 [info] [TICK] Time: 35820 | Active Trains: 0 | Health: Delay=0s Conflicts=0
....
19:23:24.464 [info] [TICK] Time: 35880 | Active Trains: 0 | Health: Delay=0s Conflicts=0
....
19:23:25.465 [info] [TICK] Time: 35940 | Active Trains: 0 | Health: Delay=0s Conflicts=0
...
19:23:26.466 [info] [TICK] Time: 36000 | Active Trains: 0 | Health: Delay=0s Conflicts=0
....
19:23:27.467 [info] [TICK] Time: 36060 | Active Trains: 0 | Health: Delay=0s Conflicts=0
....
19:23:28.468 [info] [TICK] Time: 36120 | Active Trains: 0 | Health: Delay=0s Conflicts=0
...
19:23:29.469 [info] [TICK] Time: 36180 | Active Trains: 0 | Health: Delay=0s Conflicts=0
....
19:23:30.470 [info] [TICK] Time: 36240 | Active Trains: 0 | Health: Delay=0s Conflicts=0
...
19:23:31.471 [info] [TICK] Time: 36300 | Active Trains: 0 | Health: Delay=0s Conflicts=0
....
19:23:32.472 [info] [TICK] Time: 36360 | Active Trains: 0 | Health: Delay=0s Conflicts=0
..
19:23:33.473 [info] [TICK] Time: 36420 | Active Trains: 0 | Health: Delay=0s Conflicts=0
...
19:23:34.474 [info] [TICK] Time: 36480 | Active Trains: 0 | Health: Delay=0s Conflicts=0
...
19:23:35.475 [info] [TICK] Time: 36540 | Active Trains: 0 | Health: Delay=0s Conflicts=0
...
19:23:36.476 [info] [TICK] Time: 36600 | Active Trains: 0 | Health: Delay=0s Conflicts=0
...
19:23:37.477 [info] [TICK] Time: 36660 | Active Trains: 0 | Health: Delay=0s Conflicts=0
....
19:23:38.478 [info] [TICK] Time: 36720 | Active Trains: 0 | Health: Delay=0s Conflicts=0
....
19:23:39.479 [info] [TICK] Time: 36780 | Active Trains: 0 | Health: Delay=0s Conflicts=0
...
19:23:40.480 [info] [TICK] Time: 36840 | Active Trains: 0 | Health: Delay=0s Conflicts=0
....
19:23:41.481 [info] [TICK] Time: 36900 | Active Trains: 0 | Health: Delay=0s Conflicts=0
....
19:23:42.482 [info] [TICK] Time: 36960 | Active Trains: 0 | Health: Delay=0s Conflicts=0
....
19:23:43.483 [info] [TICK] Time: 37020 | Active Trains: 0 | Health: Delay=0s Conflicts=0
....
19:23:44.484 [info] [TICK] Time: 37080 | Active Trains: 0 | Health: Delay=0s Conflicts=0
....
19:23:45.485 [info] [TICK] Time: 37140 | Active Trains: 0 | Health: Delay=0s Conflicts=0
...
19:23:46.486 [info] [TICK] Time: 37200 | Active Trains: 0 | Health: Delay=0s Conflicts=0
...
19:23:47.487 [info] [TICK] Time: 37260 | Active Trains: 0 | Health: Delay=0s Conflicts=0
....
19:23:48.488 [info] [TICK] Time: 37320 | Active Trains: 0 | Health: Delay=0s Conflicts=0
....
19:23:49.489 [info] [TICK] Time: 37380 | Active Trains: 0 | Health: Delay=0s Conflicts=0
....
19:23:50.490 [info] [TICK] Time: 37440 | Active Trains: 0 | Health: Delay=0s Conflicts=0
....
19:23:51.491 [info] [TICK] Time: 37500 | Active Trains: 0 | Health: Delay=0s Conflicts=0
..
19:23:52.492 [info] [TICK] Time: 37560 | Active Trains: 0 | Health: Delay=0s Conflicts=0
.....
19:23:53.493 [info] [TICK] Time: 37620 | Active Trains: 0 | Health: Delay=0s Conflicts=0
....
19:23:54.494 [info] [TICK] Time: 37680 | Active Trains: 0 | Health: Delay=0s Conflicts=0
....
19:23:55.495 [info] [TICK] Time: 37740 | Active Trains: 0 | Health: Delay=0s Conflicts=0
....
19:23:56.496 [info] [TICK] Time: 37800 | Active Trains: 0 | Health: Delay=0s Conflicts=0
....
19:23:57.497 [info] [TICK] Time: 37860 | Active Trains: 0 | Health: Delay=0s Conflicts=0
....
19:23:58.498 [info] [TICK] Time: 37920 | Active Trains: 0 | Health: Delay=0s Conflicts=0
....
19:23:59.499 [info] [TICK] Time: 37980 | Active Trains: 0 | Health: Delay=0s Conflicts=0
..
19:24:00.500 [info] [TICK] Time: 38040 | Active Trains: 0 | Health: Delay=0s Conflicts=0
...
19:24:01.501 [info] [TICK] Time: 38100 | Active Trains: 0 | Health: Delay=0s Conflicts=0
...
19:24:02.502 [info] [TICK] Time: 38160 | Active Trains: 0 | Health: Delay=0s Conflicts=0
...
19:24:03.503 [info] [TICK] Time: 38220 | Active Trains: 0 | Health: Delay=0s Conflicts=0
...
19:24:04.504 [info] [TICK] Time: 38280 | Active Trains: 0 | Health: Delay=0s Conflicts=0
..
19:24:05.505 [info] [TICK] Time: 38340 | Active Trains: 0 | Health: Delay=0s Conflicts=0
..
19:24:06.506 [info] [TICK] Time: 38400 | Active Trains: 0 | Health: Delay=0s Conflicts=0
...
19:24:07.507 [info] [TICK] Time: 38460 | Active Trains: 0 | Health: Delay=0s Conflicts=0
...
19:24:08.508 [info] [TICK] Time: 38520 | Active Trains: 0 | Health: Delay=0s Conflicts=0
...
19:24:09.509 [info] [TICK] Time: 38580 | Active Trains: 0 | Health: Delay=0s Conflicts=0
....
19:24:10.510 [info] [TICK] Time: 38640 | Active Trains: 0 | Health: Delay=0s Conflicts=0
....
19:24:11.511 [info] [TICK] Time: 38700 | Active Trains: 0 | Health: Delay=0s Conflicts=0
...
19:24:12.512 [info] [TICK] Time: 38760 | Active Trains: 0 | Health: Delay=0s Conflicts=0
....
19:24:13.513 [info] [TICK] Time: 38820 | Active Trains: 0 | Health: Delay=0s Conflicts=0
....
19:24:14.514 [info] [TICK] Time: 38880 | Active Trains: 0 | Health: Delay=0s Conflicts=0
...
19:24:15.515 [info] [TICK] Time: 38940 | Active Trains: 0 | Health: Delay=0s Conflicts=0
...
19:24:16.516 [info] [TICK] Time: 39000 | Active Trains: 0 | Health: Delay=0s Conflicts=0
...
19:24:17.517 [info] [TICK] Time: 39060 | Active Trains: 0 | Health: Delay=0s Conflicts=0
....
19:24:18.518 [info] [TICK] Time: 39120 | Active Trains: 0 | Health: Delay=0s Conflicts=0
...
19:24:19.519 [info] [TICK] Time: 39180 | Active Trains: 0 | Health: Delay=0s Conflicts=0
....
19:24:20.520 [info] [TICK] Time: 39240 | Active Trains: 0 | Health: Delay=0s Conflicts=0
...
19:24:21.521 [info] [TICK] Time: 39300 | Active Trains: 0 | Health: Delay=0s Conflicts=0
....
19:24:22.522 [info] [TICK] Time: 39360 | Active Trains: 0 | Health: Delay=0s Conflicts=0
....
19:24:23.523 [info] [TICK] Time: 39420 | Active Trains: 0 | Health: Delay=0s Conflicts=0
..
19:24:24.524 [info] [TICK] Time: 39480 | Active Trains: 0 | Health: Delay=0s Conflicts=0
....
19:24:25.525 [info] [TICK] Time: 39540 | Active Trains: 0 | Health: Delay=0s Conflicts=0
...
19:24:26.526 [info] [TICK] Time: 39600 | Active Trains: 0 | Health: Delay=0s Conflicts=0
....
19:24:27.527 [info] [TICK] Time: 39660 | Active Trains: 0 | Health: Delay=0s Conflicts=0
....
19:24:28.528 [info] [TICK] Time: 39720 | Active Trains: 0 | Health: Delay=0s Conflicts=0
...
19:24:29.529 [info] [TICK] Time: 39780 | Active Trains: 0 | Health: Delay=0s Conflicts=0
..
19:24:30.530 [info] [TICK] Time: 39840 | Active Trains: 0 | Health: Delay=0s Conflicts=0
..
19:24:31.531 [info] [TICK] Time: 39900 | Active Trains: 0 | Health: Delay=0s Conflicts=0
...
19:24:32.532 [info] [TICK] Time: 39960 | Active Trains: 0 | Health: Delay=0s Conflicts=0
....
19:24:33.533 [info] [TICK] Time: 40020 | Active Trains: 0 | Health: Delay=0s Conflicts=0
...
19:24:34.534 [info] [TICK] Time: 40080 | Active Trains: 0 | Health: Delay=0s Conflicts=0
....
19:24:35.535 [info] [TICK] Time: 40140 | Active Trains: 0 | Health: Delay=0s Conflicts=0
..
19:24:36.536 [info] [TICK] Time: 40200 | Active Trains: 0 | Health: Delay=0s Conflicts=0
..
19:24:37.537 [info] [TICK] Time: 40260 | Active Trains: 0 | Health: Delay=0s Conflicts=0
...
19:24:38.538 [info] [TICK] Time: 40320 | Active Trains: 0 | Health: Delay=0s Conflicts=0
....
19:24:39.539 [info] [TICK] Time: 40380 | Active Trains: 0 | Health: Delay=0s Conflicts=0
....
19:24:40.540 [info] [TICK] Time: 40440 | Active Trains: 0 | Health: Delay=0s Conflicts=0
...
19:24:41.541 [info] [TICK] Time: 40500 | Active Trains: 0 | Health: Delay=0s Conflicts=0
...
19:24:42.542 [info] [TICK] Time: 40560 | Active Trains: 0 | Health: Delay=0s Conflicts=0
....
19:24:43.543 [info] [TICK] Time: 40620 | Active Trains: 0 | Health: Delay=0s Conflicts=0
...
19:24:44.544 [info] [TICK] Time: 40680 | Active Trains: 0 | Health: Delay=0s Conflicts=0
....
19:24:45.545 [info] [TICK] Time: 40740 | Active Trains: 0 | Health: Delay=0s Conflicts=0
....
19:24:46.546 [info] [TICK] Time: 40800 | Active Trains: 0 | Health: Delay=0s Conflicts=0
....
19:24:47.547 [info] [TICK] Time: 40860 | Active Trains: 0 | Health: Delay=0s Conflicts=0
...
19:24:48.548 [info] [TICK] Time: 40920 | Active Trains: 0 | Health: Delay=0s Conflicts=0
...
19:24:49.549 [info] [TICK] Time: 40980 | Active Trains: 0 | Health: Delay=0s Conflicts=0
...
19:24:50.550 [info] [TICK] Time: 41040 | Active Trains: 0 | Health: Delay=0s Conflicts=0
....
19:24:51.551 [info] [TICK] Time: 41100 | Active Trains: 0 | Health: Delay=0s Conflicts=0
....
19:24:52.552 [info] [TICK] Time: 41160 | Active Trains: 0 | Health: Delay=0s Conflicts=0
...
19:24:53.553 [info] [TICK] Time: 41220 | Active Trains: 0 | Health: Delay=0s Conflicts=0
...
19:24:54.554 [info] [TICK] Time: 41280 | Active Trains: 0 | Health: Delay=0s Conflicts=0
....
19:24:55.555 [info] [TICK] Time: 41340 | Active Trains: 0 | Health: Delay=0s Conflicts=0
.
19:24:56.556 [info] [TICK] Time: 41400 | Active Trains: 0 | Health: Delay=0s Conflicts=0
.
19:24:57.557 [info] [TICK] Time: 41460 | Active Trains: 0 | Health: Delay=0s Conflicts=0
...
19:24:58.558 [info] [TICK] Time: 41520 | Active Trains: 0 | Health: Delay=0s Conflicts=0
....
19:24:59.559 [info] [TICK] Time: 41580 | Active Trains: 0 | Health: Delay=0s Conflicts=0
...
19:25:00.560 [info] [TICK] Time: 41640 | Active Trains: 0 | Health: Delay=0s Conflicts=0
....
19:25:01.561 [info] [TICK] Time: 41700 | Active Trains: 0 | Health: Delay=0s Conflicts=0
....
19:25:02.562 [info] [TICK] Time: 41760 | Active Trains: 0 | Health: Delay=0s Conflicts=0
....
19:25:03.563 [info] [TICK] Time: 41820 | Active Trains: 0 | Health: Delay=0s Conflicts=0
....
19:25:04.564 [info] [TICK] Time: 41880 | Active Trains: 0 | Health: Delay=0s Conflicts=0
....
19:25:05.565 [info] [TICK] Time: 41940 | Active Trains: 0 | Health: Delay=0s Conflicts=0
....
19:25:06.566 [info] [TICK] Time: 42000 | Active Trains: 0 | Health: Delay=0s Conflicts=0
.

19:25:07.567 [info] [TICK] Time: 42060 | Active Trains: 0 | Health: Delay=0s Conflicts=0

19:25:08.568 [info] [TICK] Time: 42120 | Active Trains: 0 | Health: Delay=0s Conflicts=0

19:25:08.994 [info] ✅ Calendar Dates ingestion finished: +6384830 new entries in 213.76s

19:25:09.566 [info] Importing Trips: [Current DB: 1192785 entries | Source File: 1192785 entries]

19:25:09.569 [info] [TICK] Time: 42180 | Active Trains: 0 | Health: Delay=0s Conflicts=0

19:25:10.570 [info] [TICK] Time: 42240 | Active Trains: 0 | Health: Delay=0s Conflicts=0
.
19:25:11.571 [info] [TICK] Time: 42300 | Active Trains: 0 | Health: Delay=0s Conflicts=0
..
19:25:12.572 [info] [TICK] Time: 42360 | Active Trains: 0 | Health: Delay=0s Conflicts=0
..
19:25:13.573 [info] [TICK] Time: 42420 | Active Trains: 0 | Health: Delay=0s Conflicts=0
..
19:25:14.574 [info] [TICK] Time: 42480 | Active Trains: 0 | Health: Delay=0s Conflicts=0
..
19:25:15.575 [info] [TICK] Time: 42540 | Active Trains: 0 | Health: Delay=0s Conflicts=0
..
19:25:16.576 [info] [TICK] Time: 42600 | Active Trains: 0 | Health: Delay=0s Conflicts=0
...
19:25:17.577 [info] [TICK] Time: 42660 | Active Trains: 0 | Health: Delay=0s Conflicts=0
..
19:25:18.578 [info] [TICK] Time: 42720 | Active Trains: 0 | Health: Delay=0s Conflicts=0
...
19:25:19.579 [info] [TICK] Time: 42780 | Active Trains: 0 | Health: Delay=0s Conflicts=0
...
19:25:20.580 [info] [TICK] Time: 42840 | Active Trains: 0 | Health: Delay=0s Conflicts=0
...
19:25:21.581 [info] [TICK] Time: 42900 | Active Trains: 0 | Health: Delay=0s Conflicts=0
..
19:25:22.582 [info] [TICK] Time: 42960 | Active Trains: 0 | Health: Delay=0s Conflicts=0
...
19:25:23.583 [info] [TICK] Time: 43020 | Active Trains: 0 | Health: Delay=0s Conflicts=0
...
19:25:24.584 [info] [TICK] Time: 43080 | Active Trains: 0 | Health: Delay=0s Conflicts=0
...
19:25:25.585 [info] [TICK] Time: 43140 | Active Trains: 0 | Health: Delay=0s Conflicts=0
..
19:25:26.586 [info] [TICK] Time: 43200 | Active Trains: 0 | Health: Delay=0s Conflicts=0
...
19:25:27.587 [info] [TICK] Time: 43260 | Active Trains: 0 | Health: Delay=0s Conflicts=0
...
19:25:28.588 [info] [TICK] Time: 43320 | Active Trains: 0 | Health: Delay=0s Conflicts=0
...
19:25:29.589 [info] [TICK] Time: 43380 | Active Trains: 0 | Health: Delay=0s Conflicts=0
...
19:25:30.590 [info] [TICK] Time: 43440 | Active Trains: 0 | Health: Delay=0s Conflicts=0
...
19:25:31.591 [info] [TICK] Time: 43500 | Active Trains: 0 | Health: Delay=0s Conflicts=0
....
19:25:32.592 [info] [TICK] Time: 43560 | Active Trains: 0 | Health: Delay=0s Conflicts=0
...
19:25:33.593 [info] [TICK] Time: 43620 | Active Trains: 0 | Health: Delay=0s Conflicts=0
....
19:25:34.594 [info] [TICK] Time: 43680 | Active Trains: 0 | Health: Delay=0s Conflicts=0
...
19:25:35.595 [info] [TICK] Time: 43740 | Active Trains: 0 | Health: Delay=0s Conflicts=0
...
19:25:36.596 [info] [TICK] Time: 43800 | Active Trains: 0 | Health: Delay=0s Conflicts=0
...
19:25:37.597 [info] [TICK] Time: 43860 | Active Trains: 0 | Health: Delay=0s Conflicts=0
....
19:25:38.598 [info] [TICK] Time: 43920 | Active Trains: 0 | Health: Delay=0s Conflicts=0
....
19:25:39.599 [info] [TICK] Time: 43980 | Active Trains: 0 | Health: Delay=0s Conflicts=0
...
19:25:40.600 [info] [TICK] Time: 44040 | Active Trains: 0 | Health: Delay=0s Conflicts=0
....
19:25:41.601 [info] [TICK] Time: 44100 | Active Trains: 0 | Health: Delay=0s Conflicts=0
..
19:25:42.602 [info] [TICK] Time: 44160 | Active Trains: 0 | Health: Delay=0s Conflicts=0
...
19:25:43.603 [info] [TICK] Time: 44220 | Active Trains: 0 | Health: Delay=0s Conflicts=0
....
19:25:44.604 [info] [TICK] Time: 44280 | Active Trains: 0 | Health: Delay=0s Conflicts=0
....
19:25:45.606 [info] [TICK] Time: 44340 | Active Trains: 0 | Health: Delay=0s Conflicts=0
...
19:25:46.607 [info] [TICK] Time: 44400 | Active Trains: 0 | Health: Delay=0s Conflicts=0
....
19:25:47.608 [info] [TICK] Time: 44460 | Active Trains: 0 | Health: Delay=0s Conflicts=0
...
19:25:48.609 [info] [TICK] Time: 44520 | Active Trains: 0 | Health: Delay=0s Conflicts=0
...
19:25:49.610 [info] [TICK] Time: 44580 | Active Trains: 0 | Health: Delay=0s Conflicts=0
....
19:25:50.611 [info] [TICK] Time: 44640 | Active Trains: 0 | Health: Delay=0s Conflicts=0
....
19:25:51.612 [info] [TICK] Time: 44700 | Active Trains: 0 | Health: Delay=0s Conflicts=0
...
19:25:52.613 [info] [TICK] Time: 44760 | Active Trains: 0 | Health: Delay=0s Conflicts=0
....
19:25:53.614 [info] [TICK] Time: 44820 | Active Trains: 0 | Health: Delay=0s Conflicts=0
....
19:25:54.616 [info] [TICK] Time: 44880 | Active Trains: 0 | Health: Delay=0s Conflicts=0
....
19:25:55.617 [info] [TICK] Time: 44940 | Active Trains: 0 | Health: Delay=0s Conflicts=0
...
19:25:56.618 [info] [TICK] Time: 45000 | Active Trains: 0 | Health: Delay=0s Conflicts=0
..
19:25:57.619 [info] [TICK] Time: 45060 | Active Trains: 0 | Health: Delay=0s Conflicts=0
.
19:25:58.620 [info] [TICK] Time: 45120 | Active Trains: 0 | Health: Delay=0s Conflicts=0
....
19:25:59.621 [info] [TICK] Time: 45180 | Active Trains: 0 | Health: Delay=0s Conflicts=0
...
19:26:00.622 [info] [TICK] Time: 45240 | Active Trains: 0 | Health: Delay=0s Conflicts=0
...
19:26:01.623 [info] [TICK] Time: 45300 | Active Trains: 0 | Health: Delay=0s Conflicts=0
...
19:26:02.624 [info] [TICK] Time: 45360 | Active Trains: 0 | Health: Delay=0s Conflicts=0
....
19:26:03.625 [info] [TICK] Time: 45420 | Active Trains: 0 | Health: Delay=0s Conflicts=0
...
19:26:04.626 [info] [TICK] Time: 45480 | Active Trains: 0 | Health: Delay=0s Conflicts=0
...
19:26:05.627 [info] [TICK] Time: 45540 | Active Trains: 0 | Health: Delay=0s Conflicts=0
...
19:26:06.628 [info] [TICK] Time: 45600 | Active Trains: 0 | Health: Delay=0s Conflicts=0
...
19:26:07.629 [info] [TICK] Time: 45660 | Active Trains: 0 | Health: Delay=0s Conflicts=0
...
19:26:08.630 [info] [TICK] Time: 45720 | Active Trains: 0 | Health: Delay=0s Conflicts=0
.
19:26:09.631 [info] [TICK] Time: 45780 | Active Trains: 0 | Health: Delay=0s Conflicts=0
....
19:26:10.632 [info] [TICK] Time: 45840 | Active Trains: 0 | Health: Delay=0s Conflicts=0
...
19:26:11.633 [info] [TICK] Time: 45900 | Active Trains: 0 | Health: Delay=0s Conflicts=0
...
19:26:12.634 [info] [TICK] Time: 45960 | Active Trains: 0 | Health: Delay=0s Conflicts=0
....
19:26:13.635 [info] [TICK] Time: 46020 | Active Trains: 0 | Health: Delay=0s Conflicts=0
...
19:26:14.636 [info] [TICK] Time: 46080 | Active Trains: 0 | Health: Delay=0s Conflicts=0
...
19:26:15.637 [info] [TICK] Time: 46140 | Active Trains: 0 | Health: Delay=0s Conflicts=0
....
19:26:16.638 [info] [TICK] Time: 46200 | Active Trains: 0 | Health: Delay=0s Conflicts=0
....
19:26:17.639 [info] [TICK] Time: 46260 | Active Trains: 0 | Health: Delay=0s Conflicts=0
...
19:26:18.640 [info] [TICK] Time: 46320 | Active Trains: 0 | Health: Delay=0s Conflicts=0
....
19:26:19.641 [info] [TICK] Time: 46380 | Active Trains: 0 | Health: Delay=0s Conflicts=0
...
19:26:20.642 [info] [TICK] Time: 46440 | Active Trains: 0 | Health: Delay=0s Conflicts=0
....
19:26:21.643 [info] [TICK] Time: 46500 | Active Trains: 0 | Health: Delay=0s Conflicts=0
....
19:26:22.644 [info] [TICK] Time: 46560 | Active Trains: 0 | Health: Delay=0s Conflicts=0
...
19:26:23.645 [info] [TICK] Time: 46620 | Active Trains: 0 | Health: Delay=0s Conflicts=0
...
19:26:24.646 [info] [TICK] Time: 46680 | Active Trains: 0 | Health: Delay=0s Conflicts=0
....
19:26:25.647 [info] [TICK] Time: 46740 | Active Trains: 0 | Health: Delay=0s Conflicts=0
...
19:26:26.648 [info] [TICK] Time: 46800 | Active Trains: 0 | Health: Delay=0s Conflicts=0
....

19:26:27.646 [info] ✅ Trips ingestion finished: +0 new entries in 78.08s

19:26:27.649 [info] [TICK] Time: 46860 | Active Trains: 0 | Health: Delay=0s Conflicts=0

19:26:27.657 [info] Importing Frequencies: [Current DB: 1816 entries | Source File: 1816 entries]
.

19:26:27.826 [info] ✅ Frequencies ingestion finished: +1816 new entries in 0.17s

19:26:28.650 [info] [TICK] Time: 46920 | Active Trains: 0 | Health: Delay=0s Conflicts=0

19:26:29.651 [info] [TICK] Time: 46980 | Active Trains: 0 | Health: Delay=0s Conflicts=0

19:26:30.652 [info] [TICK] Time: 47040 | Active Trains: 0 | Health: Delay=0s Conflicts=0

19:26:31.653 [info] [TICK] Time: 47100 | Active Trains: 0 | Health: Delay=0s Conflicts=0

19:26:32.654 [info] [TICK] Time: 47160 | Active Trains: 0 | Health: Delay=0s Conflicts=0

19:26:33.655 [info] [TICK] Time: 47220 | Active Trains: 0 | Health: Delay=0s Conflicts=0

19:26:34.656 [info] [TICK] Time: 47280 | Active Trains: 0 | Health: Delay=0s Conflicts=0

19:26:35.055 [info] Importing Stop Times: [Current DB: 0 entries | Source File: 19169401 entries]

19:26:35.657 [info] [TICK] Time: 47340 | Active Trains: 0 | Health: Delay=0s Conflicts=0

19:26:36.658 [info] [TICK] Time: 47400 | Active Trains: 0 | Health: Delay=0s Conflicts=0

19:26:37.659 [info] [TICK] Time: 47460 | Active Trains: 0 | Health: Delay=0s Conflicts=0

19:26:38.660 [info] [TICK] Time: 47520 | Active Trains: 0 | Health: Delay=0s Conflicts=0

19:26:39.661 [info] [TICK] Time: 47580 | Active Trains: 0 | Health: Delay=0s Conflicts=0

19:26:40.662 [info] [TICK] Time: 47640 | Active Trains: 0 | Health: Delay=0s Conflicts=0

19:26:41.663 [info] [TICK] Time: 47700 | Active Trains: 0 | Health: Delay=0s Conflicts=0

19:26:42.664 [info] [TICK] Time: 47760 | Active Trains: 0 | Health: Delay=0s Conflicts=0

19:26:43.665 [info] [TICK] Time: 47820 | Active Trains: 0 | Health: Delay=0s Conflicts=0

19:26:44.666 [info] [TICK] Time: 47880 | Active Trains: 0 | Health: Delay=0s Conflicts=0

19:26:45.667 [info] [TICK] Time: 47940 | Active Trains: 0 | Health: Delay=0s Conflicts=0

19:26:46.668 [info] [TICK] Time: 48000 | Active Trains: 0 | Health: Delay=0s Conflicts=0

19:26:47.669 [info] [TICK] Time: 48060 | Active Trains: 0 | Health: Delay=0s Conflicts=0

19:26:48.670 [info] [TICK] Time: 48120 | Active Trains: 0 | Health: Delay=0s Conflicts=0

19:26:49.671 [info] [TICK] Time: 48180 | Active Trains: 0 | Health: Delay=0s Conflicts=0

19:26:50.079 [error] Postgrex.Protocol (#PID<0.285.0> ("db_conn_4")) disconnected: ** (DBConnection.ConnectionError) client #PID<0.95.0> (:erlang) timed out because it queued and checked out the connection for longer than 15000ms

#PID<0.95.0> (:erlang) was at location:

    (erts 16.3) :prim_inet.recv0/3
    (postgrex 0.17.5) lib/postgrex/protocol.ex:3197: Postgrex.Protocol.msg_recv/4
    (postgrex 0.17.5) lib/postgrex/protocol.ex:2222: Postgrex.Protocol.recv_bind/3
    (postgrex 0.17.5) lib/postgrex/protocol.ex:2077: Postgrex.Protocol.bind_execute_close/4
    (db_connection 2.9.0) lib/db_connection/holder.ex:356: DBConnection.Holder.holder_apply/4
    (db_connection 2.9.0) lib/db_connection.ex:1539: DBConnection.run_execute/5
    (db_connection 2.9.0) lib/db_connection.ex:1587: DBConnection.run_with_retries/5
    (db_connection 2.9.0) lib/db_connection.ex:791: DBConnection.parsed_prepare_execute/5

** (DBConnection.ConnectionError) tcp recv: closed (the connection was closed by the pool, possibly due to a timeout or because the pool has been terminated)
    (ecto_sql 3.11.1) lib/ecto/adapters/sql.ex:1054: Ecto.Adapters.SQL.raise_sql_call_error/1
    (hexarail 0.1.0) lib/hexarail/gtfs/importer.ex:134: HexaRail.GTFS.Importer.import_stop_times/1
    (hexarail 0.1.0) lib/mix/tasks/data.import.ex:117: Mix.Tasks.Data.Import.import_with_stats/4
    (hexarail 0.1.0) lib/mix/tasks/data.import.ex:79: Mix.Tasks.Data.Import.run/1
    (mix 1.19.5) lib/mix/task.ex:499: anonymous fn/3 in Mix.Task.run_task/5
    (mix 1.19.5) lib/mix/cli.ex:129: Mix.CLI.run_task/2
    /nix/store/ss08cazwb1sh39s949fhgb65qkqfpdn5-elixir-1.19.5/bin/mix:7: (file)
