     warning: function stream_insert_many/3 is unused
     │
 107 │   defp stream_insert_many(socket, name, items) do
     │        ~
     │
     └─ lib/hexarail_web/live/twin_live.ex:107:8: HexaRailWeb.TwinLive (module)

    warning: unused alias Trip
    │
  6 │   alias HexaRail.GTFS.{Stop, Trip, StopTime}
    │   ~
    │
    └─ lib/hexarail/simulation/engine.ex:6:3


21:39:24.693 [info] Running HexaRailWeb.Endpoint with Bandit 1.4.2 at 0.0.0.0:14326 (http)

21:39:24.705 [info] Access HexaRailWeb.Endpoint at http://localhost:14326

21:39:24.788 [info] Starting Horde.RegistryImpl with name HexaRail.HordeRegistry

21:39:24.818 [info] Starting Horde.DynamicSupervisorImpl with name HexaRail.HordeSupervisor

21:39:24.819 [info] Simulation Engine initializing...

21:39:24.829 [info] [IGNITION] 0% - Analyzing Physical Infrastructure...

21:39:25.548 [debug] QUERY OK source="gtfs_stops" db=634.7ms decode=14.8ms queue=1.0ms idle=176.4ms
SELECT g0."id", g0."original_stop_id", g0."stop_name", g0."abbreviation", g0."location", g0."location_type", g0."parent_station", g0."platform_code" FROM "gtfs_stops" AS g0 []
[90m↳ HexaRail.Simulation.Engine.perform_ignite_sequence/1, at: lib/hexarail/simulation/engine.ex:38[0m

21:39:25.964 [info] [IGNITION] 10% - 100,000 Station Nodes Indexed

21:39:27.948 [info] [IGNITION] 25% - Physical Rail Geometry Linked (KD-Tree Active)

21:39:30.871 [info] [IGNITION] 40% - Micro-Topology (OSM) Stitched to Hubs

21:39:30.873 [debug] QUERY OK db=0.2ms queue=0.1ms idle=2916.3ms
begin []
[90m↳ HexaRail.Simulation.Engine.build_and_freeze_stig/2, at: lib/hexarail/simulation/engine.ex:95[0m

21:39:30.881 [debug] QUERY OK source="gtfs_stop_times" db=0.4ms
SELECT g0."trip_id", g0."arrival_time", g0."departure_time", g0."stop_id", g0."stop_sequence", g0."pickup_type", g0."drop_off_type" FROM "gtfs_stop_times" AS g0 []
[90m↳ anonymous fn/1 in HexaRail.Simulation.Engine.build_and_freeze_stig/2, at: lib/hexarail/simulation/engine.ex:97[0m

21:39:31.020 [debug] QUERY OK source="gtfs_stop_times" db=134.5ms decode=4.4ms
SELECT g0."trip_id", g0."arrival_time", g0."departure_time", g0."stop_id", g0."stop_sequence", g0."pickup_type", g0."drop_off_type" FROM "gtfs_stop_times" AS g0 []
[90m↳ anonymous fn/1 in HexaRail.Simulation.Engine.build_and_freeze_stig/2, at: lib/hexarail/simulation/engine.ex:97[0m

21:39:31.148 [info] [IGNITION] 40% - Ingesting Schedule Matrix: 40%

21:39:31.230 [debug] QUERY OK source="gtfs_stop_times" db=78.1ms decode=3.8ms
SELECT g0."trip_id", g0."arrival_time", g0."departure_time", g0."stop_id", g0."stop_sequence", g0."pickup_type", g0."drop_off_type" FROM "gtfs_stop_times" AS g0 []
[90m↳ anonymous fn/1 in HexaRail.Simulation.Engine.build_and_freeze_stig/2, at: lib/hexarail/simulation/engine.ex:97[0m

21:39:31.359 [info] [IGNITION] 40% - Ingesting Schedule Matrix: 40%

21:39:31.446 [debug] QUERY OK source="gtfs_stop_times" db=80.4ms decode=6.5ms
SELECT g0."trip_id", g0."arrival_time", g0."departure_time", g0."stop_id", g0."stop_sequence", g0."pickup_type", g0."drop_off_type" FROM "gtfs_stop_times" AS g0 []
[90m↳ anonymous fn/1 in HexaRail.Simulation.Engine.build_and_freeze_stig/2, at: lib/hexarail/simulation/engine.ex:97[0m

21:39:31.578 [info] [IGNITION] 41% - Ingesting Schedule Matrix: 41%

21:39:31.656 [debug] QUERY OK source="gtfs_stop_times" db=73.4ms decode=4.0ms
SELECT g0."trip_id", g0."arrival_time", g0."departure_time", g0."stop_id", g0."stop_sequence", g0."pickup_type", g0."drop_off_type" FROM "gtfs_stop_times" AS g0 []
[90m↳ anonymous fn/1 in HexaRail.Simulation.Engine.build_and_freeze_stig/2, at: lib/hexarail/simulation/engine.ex:97[0m

21:39:31.780 [info] [IGNITION] 41% - Ingesting Schedule Matrix: 41%

21:39:31.864 [debug] QUERY OK source="gtfs_stop_times" db=76.5ms decode=6.7ms
SELECT g0."trip_id", g0."arrival_time", g0."departure_time", g0."stop_id", g0."stop_sequence", g0."pickup_type", g0."drop_off_type" FROM "gtfs_stop_times" AS g0 []
[90m↳ anonymous fn/1 in HexaRail.Simulation.Engine.build_and_freeze_stig/2, at: lib/hexarail/simulation/engine.ex:97[0m

21:39:31.998 [info] [IGNITION] 41% - Ingesting Schedule Matrix: 41%

21:39:32.075 [debug] QUERY OK source="gtfs_stop_times" db=73.3ms decode=3.8ms
SELECT g0."trip_id", g0."arrival_time", g0."departure_time", g0."stop_id", g0."stop_sequence", g0."pickup_type", g0."drop_off_type" FROM "gtfs_stop_times" AS g0 []
[90m↳ anonymous fn/1 in HexaRail.Simulation.Engine.build_and_freeze_stig/2, at: lib/hexarail/simulation/engine.ex:97[0m

21:39:32.210 [info] [IGNITION] 41% - Ingesting Schedule Matrix: 41%

21:39:32.290 [debug] QUERY OK source="gtfs_stop_times" db=75.6ms decode=4.7ms
SELECT g0."trip_id", g0."arrival_time", g0."departure_time", g0."stop_id", g0."stop_sequence", g0."pickup_type", g0."drop_off_type" FROM "gtfs_stop_times" AS g0 []
[90m↳ anonymous fn/1 in HexaRail.Simulation.Engine.build_and_freeze_stig/2, at: lib/hexarail/simulation/engine.ex:97[0m

21:39:32.422 [info] [IGNITION] 42% - Ingesting Schedule Matrix: 42%

21:39:32.507 [debug] QUERY OK source="gtfs_stop_times" db=79.9ms decode=4.7ms
SELECT g0."trip_id", g0."arrival_time", g0."departure_time", g0."stop_id", g0."stop_sequence", g0."pickup_type", g0."drop_off_type" FROM "gtfs_stop_times" AS g0 []
[90m↳ anonymous fn/1 in HexaRail.Simulation.Engine.build_and_freeze_stig/2, at: lib/hexarail/simulation/engine.ex:97[0m

21:39:32.654 [info] [IGNITION] 42% - Ingesting Schedule Matrix: 42%

21:39:32.739 [debug] QUERY OK source="gtfs_stop_times" db=77.9ms decode=6.1ms
SELECT g0."trip_id", g0."arrival_time", g0."departure_time", g0."stop_id", g0."stop_sequence", g0."pickup_type", g0."drop_off_type" FROM "gtfs_stop_times" AS g0 []
[90m↳ anonymous fn/1 in HexaRail.Simulation.Engine.build_and_freeze_stig/2, at: lib/hexarail/simulation/engine.ex:97[0m

21:39:32.874 [info] [IGNITION] 42% - Ingesting Schedule Matrix: 42%

21:39:32.949 [debug] QUERY OK source="gtfs_stop_times" db=71.2ms decode=3.8ms
SELECT g0."trip_id", g0."arrival_time", g0."departure_time", g0."stop_id", g0."stop_sequence", g0."pickup_type", g0."drop_off_type" FROM "gtfs_stop_times" AS g0 []
[90m↳ anonymous fn/1 in HexaRail.Simulation.Engine.build_and_freeze_stig/2, at: lib/hexarail/simulation/engine.ex:97[0m

21:39:33.126 [info] [IGNITION] 42% - Ingesting Schedule Matrix: 42%

21:39:33.184 [debug] QUERY OK source="gtfs_stop_times" db=52.2ms decode=4.9ms
SELECT g0."trip_id", g0."arrival_time", g0."departure_time", g0."stop_id", g0."stop_sequence", g0."pickup_type", g0."drop_off_type" FROM "gtfs_stop_times" AS g0 []
[90m↳ anonymous fn/1 in HexaRail.Simulation.Engine.build_and_freeze_stig/2, at: lib/hexarail/simulation/engine.ex:97[0m

21:39:33.347 [info] [IGNITION] 43% - Ingesting Schedule Matrix: 43%

21:39:33.396 [debug] QUERY OK source="gtfs_stop_times" db=45.2ms decode=3.5ms
SELECT g0."trip_id", g0."arrival_time", g0."departure_time", g0."stop_id", g0."stop_sequence", g0."pickup_type", g0."drop_off_type" FROM "gtfs_stop_times" AS g0 []
[90m↳ anonymous fn/1 in HexaRail.Simulation.Engine.build_and_freeze_stig/2, at: lib/hexarail/simulation/engine.ex:97[0m

21:39:33.533 [info] [IGNITION] 43% - Ingesting Schedule Matrix: 43%

21:39:33.608 [debug] QUERY OK source="gtfs_stop_times" db=69.6ms decode=4.9ms
SELECT g0."trip_id", g0."arrival_time", g0."departure_time", g0."stop_id", g0."stop_sequence", g0."pickup_type", g0."drop_off_type" FROM "gtfs_stop_times" AS g0 []
[90m↳ anonymous fn/1 in HexaRail.Simulation.Engine.build_and_freeze_stig/2, at: lib/hexarail/simulation/engine.ex:97[0m

21:39:33.759 [info] [IGNITION] 43% - Ingesting Schedule Matrix: 43%

21:39:33.826 [debug] QUERY OK source="gtfs_stop_times" db=62.1ms decode=4.5ms
SELECT g0."trip_id", g0."arrival_time", g0."departure_time", g0."stop_id", g0."stop_sequence", g0."pickup_type", g0."drop_off_type" FROM "gtfs_stop_times" AS g0 []
[90m↳ anonymous fn/1 in HexaRail.Simulation.Engine.build_and_freeze_stig/2, at: lib/hexarail/simulation/engine.ex:97[0m

21:39:33.978 [info] [IGNITION] 43% - Ingesting Schedule Matrix: 43%

21:39:34.030 [debug] QUERY OK source="gtfs_stop_times" db=47.5ms decode=3.6ms
SELECT g0."trip_id", g0."arrival_time", g0."departure_time", g0."stop_id", g0."stop_sequence", g0."pickup_type", g0."drop_off_type" FROM "gtfs_stop_times" AS g0 []
[90m↳ anonymous fn/1 in HexaRail.Simulation.Engine.build_and_freeze_stig/2, at: lib/hexarail/simulation/engine.ex:97[0m

21:39:34.165 [info] [IGNITION] 44% - Ingesting Schedule Matrix: 44%

21:39:34.224 [debug] QUERY OK source="gtfs_stop_times" db=54.9ms decode=3.2ms
SELECT g0."trip_id", g0."arrival_time", g0."departure_time", g0."stop_id", g0."stop_sequence", g0."pickup_type", g0."drop_off_type" FROM "gtfs_stop_times" AS g0 []
[90m↳ anonymous fn/1 in HexaRail.Simulation.Engine.build_and_freeze_stig/2, at: lib/hexarail/simulation/engine.ex:97[0m

21:39:34.342 [info] [IGNITION] 44% - Ingesting Schedule Matrix: 44%

21:39:34.425 [debug] QUERY OK source="gtfs_stop_times" db=76.2ms decode=7.0ms
SELECT g0."trip_id", g0."arrival_time", g0."departure_time", g0."stop_id", g0."stop_sequence", g0."pickup_type", g0."drop_off_type" FROM "gtfs_stop_times" AS g0 []
[90m↳ anonymous fn/1 in HexaRail.Simulation.Engine.build_and_freeze_stig/2, at: lib/hexarail/simulation/engine.ex:97[0m

21:39:34.583 [info] [IGNITION] 44% - Ingesting Schedule Matrix: 44%

21:39:34.673 [debug] QUERY OK source="gtfs_stop_times" db=85.2ms decode=4.6ms
SELECT g0."trip_id", g0."arrival_time", g0."departure_time", g0."stop_id", g0."stop_sequence", g0."pickup_type", g0."drop_off_type" FROM "gtfs_stop_times" AS g0 []
[90m↳ anonymous fn/1 in HexaRail.Simulation.Engine.build_and_freeze_stig/2, at: lib/hexarail/simulation/engine.ex:97[0m

21:39:34.802 [info] [IGNITION] 44% - Ingesting Schedule Matrix: 44%

21:39:34.888 [debug] QUERY OK source="gtfs_stop_times" db=79.8ms decode=5.5ms
SELECT g0."trip_id", g0."arrival_time", g0."departure_time", g0."stop_id", g0."stop_sequence", g0."pickup_type", g0."drop_off_type" FROM "gtfs_stop_times" AS g0 []
[90m↳ anonymous fn/1 in HexaRail.Simulation.Engine.build_and_freeze_stig/2, at: lib/hexarail/simulation/engine.ex:97[0m

21:39:35.043 [info] [IGNITION] 45% - Ingesting Schedule Matrix: 45%

21:39:35.129 [debug] QUERY OK source="gtfs_stop_times" db=79.1ms decode=6.6ms
SELECT g0."trip_id", g0."arrival_time", g0."departure_time", g0."stop_id", g0."stop_sequence", g0."pickup_type", g0."drop_off_type" FROM "gtfs_stop_times" AS g0 []
[90m↳ anonymous fn/1 in HexaRail.Simulation.Engine.build_and_freeze_stig/2, at: lib/hexarail/simulation/engine.ex:97[0m

21:39:35.265 [info] [IGNITION] 45% - Ingesting Schedule Matrix: 45%

21:39:35.361 [debug] QUERY OK source="gtfs_stop_times" db=89.5ms decode=6.0ms
SELECT g0."trip_id", g0."arrival_time", g0."departure_time", g0."stop_id", g0."stop_sequence", g0."pickup_type", g0."drop_off_type" FROM "gtfs_stop_times" AS g0 []
[90m↳ anonymous fn/1 in HexaRail.Simulation.Engine.build_and_freeze_stig/2, at: lib/hexarail/simulation/engine.ex:97[0m

21:39:35.496 [info] [IGNITION] 45% - Ingesting Schedule Matrix: 45%

21:39:35.585 [debug] QUERY OK source="gtfs_stop_times" db=81.5ms decode=6.4ms
SELECT g0."trip_id", g0."arrival_time", g0."departure_time", g0."stop_id", g0."stop_sequence", g0."pickup_type", g0."drop_off_type" FROM "gtfs_stop_times" AS g0 []
[90m↳ anonymous fn/1 in HexaRail.Simulation.Engine.build_and_freeze_stig/2, at: lib/hexarail/simulation/engine.ex:97[0m

21:39:35.715 [info] [IGNITION] 45% - Ingesting Schedule Matrix: 45%

21:39:35.801 [debug] QUERY OK source="gtfs_stop_times" db=80.9ms decode=4.9ms
SELECT g0."trip_id", g0."arrival_time", g0."departure_time", g0."stop_id", g0."stop_sequence", g0."pickup_type", g0."drop_off_type" FROM "gtfs_stop_times" AS g0 []
[90m↳ anonymous fn/1 in HexaRail.Simulation.Engine.build_and_freeze_stig/2, at: lib/hexarail/simulation/engine.ex:97[0m

21:39:35.935 [info] [IGNITION] 46% - Ingesting Schedule Matrix: 46%

21:39:36.019 [debug] QUERY OK source="gtfs_stop_times" db=77.2ms decode=5.5ms
SELECT g0."trip_id", g0."arrival_time", g0."departure_time", g0."stop_id", g0."stop_sequence", g0."pickup_type", g0."drop_off_type" FROM "gtfs_stop_times" AS g0 []
[90m↳ anonymous fn/1 in HexaRail.Simulation.Engine.build_and_freeze_stig/2, at: lib/hexarail/simulation/engine.ex:97[0m

21:39:36.149 [info] [IGNITION] 46% - Ingesting Schedule Matrix: 46%

21:39:36.230 [debug] QUERY OK source="gtfs_stop_times" db=75.8ms decode=5.7ms
SELECT g0."trip_id", g0."arrival_time", g0."departure_time", g0."stop_id", g0."stop_sequence", g0."pickup_type", g0."drop_off_type" FROM "gtfs_stop_times" AS g0 []
[90m↳ anonymous fn/1 in HexaRail.Simulation.Engine.build_and_freeze_stig/2, at: lib/hexarail/simulation/engine.ex:97[0m

21:39:36.356 [info] [IGNITION] 46% - Ingesting Schedule Matrix: 46%

21:39:36.446 [debug] QUERY OK source="gtfs_stop_times" db=82.6ms decode=7.0ms
SELECT g0."trip_id", g0."arrival_time", g0."departure_time", g0."stop_id", g0."stop_sequence", g0."pickup_type", g0."drop_off_type" FROM "gtfs_stop_times" AS g0 []
[90m↳ anonymous fn/1 in HexaRail.Simulation.Engine.build_and_freeze_stig/2, at: lib/hexarail/simulation/engine.ex:97[0m

21:39:36.588 [info] [IGNITION] 47% - Ingesting Schedule Matrix: 47%

21:39:36.670 [debug] QUERY OK source="gtfs_stop_times" db=76.9ms decode=4.3ms
SELECT g0."trip_id", g0."arrival_time", g0."departure_time", g0."stop_id", g0."stop_sequence", g0."pickup_type", g0."drop_off_type" FROM "gtfs_stop_times" AS g0 []
[90m↳ anonymous fn/1 in HexaRail.Simulation.Engine.build_and_freeze_stig/2, at: lib/hexarail/simulation/engine.ex:97[0m

21:39:36.799 [info] [IGNITION] 47% - Ingesting Schedule Matrix: 47%

21:39:36.890 [debug] QUERY OK source="gtfs_stop_times" db=85.6ms decode=4.8ms
SELECT g0."trip_id", g0."arrival_time", g0."departure_time", g0."stop_id", g0."stop_sequence", g0."pickup_type", g0."drop_off_type" FROM "gtfs_stop_times" AS g0 []
[90m↳ anonymous fn/1 in HexaRail.Simulation.Engine.build_and_freeze_stig/2, at: lib/hexarail/simulation/engine.ex:97[0m

21:39:37.020 [info] [IGNITION] 47% - Ingesting Schedule Matrix: 47%

21:39:37.101 [debug] QUERY OK source="gtfs_stop_times" db=75.5ms decode=4.7ms
SELECT g0."trip_id", g0."arrival_time", g0."departure_time", g0."stop_id", g0."stop_sequence", g0."pickup_type", g0."drop_off_type" FROM "gtfs_stop_times" AS g0 []
[90m↳ anonymous fn/1 in HexaRail.Simulation.Engine.build_and_freeze_stig/2, at: lib/hexarail/simulation/engine.ex:97[0m

21:39:37.238 [info] [IGNITION] 47% - Ingesting Schedule Matrix: 47%

21:39:37.330 [debug] QUERY OK source="gtfs_stop_times" db=85.7ms decode=6.0ms
SELECT g0."trip_id", g0."arrival_time", g0."departure_time", g0."stop_id", g0."stop_sequence", g0."pickup_type", g0."drop_off_type" FROM "gtfs_stop_times" AS g0 []
[90m↳ anonymous fn/1 in HexaRail.Simulation.Engine.build_and_freeze_stig/2, at: lib/hexarail/simulation/engine.ex:97[0m

21:39:37.459 [info] [IGNITION] 48% - Ingesting Schedule Matrix: 48%

21:39:37.545 [debug] QUERY OK source="gtfs_stop_times" db=78.9ms decode=7.2ms
SELECT g0."trip_id", g0."arrival_time", g0."departure_time", g0."stop_id", g0."stop_sequence", g0."pickup_type", g0."drop_off_type" FROM "gtfs_stop_times" AS g0 []
[90m↳ anonymous fn/1 in HexaRail.Simulation.Engine.build_and_freeze_stig/2, at: lib/hexarail/simulation/engine.ex:97[0m

21:39:37.673 [info] [IGNITION] 48% - Ingesting Schedule Matrix: 48%

21:39:37.755 [debug] QUERY OK source="gtfs_stop_times" db=76.9ms decode=4.7ms
SELECT g0."trip_id", g0."arrival_time", g0."departure_time", g0."stop_id", g0."stop_sequence", g0."pickup_type", g0."drop_off_type" FROM "gtfs_stop_times" AS g0 []
[90m↳ anonymous fn/1 in HexaRail.Simulation.Engine.build_and_freeze_stig/2, at: lib/hexarail/simulation/engine.ex:97[0m

21:39:37.879 [info] [IGNITION] 48% - Ingesting Schedule Matrix: 48%

21:39:37.965 [debug] QUERY OK source="gtfs_stop_times" db=78.9ms decode=6.8ms
SELECT g0."trip_id", g0."arrival_time", g0."departure_time", g0."stop_id", g0."stop_sequence", g0."pickup_type", g0."drop_off_type" FROM "gtfs_stop_times" AS g0 []
[90m↳ anonymous fn/1 in HexaRail.Simulation.Engine.build_and_freeze_stig/2, at: lib/hexarail/simulation/engine.ex:97[0m

21:39:38.095 [info] [IGNITION] 48% - Ingesting Schedule Matrix: 48%

21:39:38.176 [debug] QUERY OK source="gtfs_stop_times" db=75.0ms decode=5.2ms
SELECT g0."trip_id", g0."arrival_time", g0."departure_time", g0."stop_id", g0."stop_sequence", g0."pickup_type", g0."drop_off_type" FROM "gtfs_stop_times" AS g0 []
[90m↳ anonymous fn/1 in HexaRail.Simulation.Engine.build_and_freeze_stig/2, at: lib/hexarail/simulation/engine.ex:97[0m

21:39:38.303 [info] [IGNITION] 49% - Ingesting Schedule Matrix: 49%

21:39:38.385 [debug] QUERY OK source="gtfs_stop_times" db=76.9ms decode=4.2ms
SELECT g0."trip_id", g0."arrival_time", g0."departure_time", g0."stop_id", g0."stop_sequence", g0."pickup_type", g0."drop_off_type" FROM "gtfs_stop_times" AS g0 []
[90m↳ anonymous fn/1 in HexaRail.Simulation.Engine.build_and_freeze_stig/2, at: lib/hexarail/simulation/engine.ex:97[0m

21:39:38.516 [info] [IGNITION] 49% - Ingesting Schedule Matrix: 49%

21:39:38.604 [debug] QUERY OK source="gtfs_stop_times" db=82.2ms decode=4.9ms
SELECT g0."trip_id", g0."arrival_time", g0."departure_time", g0."stop_id", g0."stop_sequence", g0."pickup_type", g0."drop_off_type" FROM "gtfs_stop_times" AS g0 []
[90m↳ anonymous fn/1 in HexaRail.Simulation.Engine.build_and_freeze_stig/2, at: lib/hexarail/simulation/engine.ex:97[0m

21:39:38.728 [info] [IGNITION] 49% - Ingesting Schedule Matrix: 49%

21:39:38.809 [debug] QUERY OK source="gtfs_stop_times" db=76.1ms decode=3.9ms
SELECT g0."trip_id", g0."arrival_time", g0."departure_time", g0."stop_id", g0."stop_sequence", g0."pickup_type", g0."drop_off_type" FROM "gtfs_stop_times" AS g0 []
[90m↳ anonymous fn/1 in HexaRail.Simulation.Engine.build_and_freeze_stig/2, at: lib/hexarail/simulation/engine.ex:97[0m

21:39:38.953 [info] [IGNITION] 49% - Ingesting Schedule Matrix: 49%

21:39:39.030 [debug] QUERY OK source="gtfs_stop_times" db=71.0ms decode=6.4ms
SELECT g0."trip_id", g0."arrival_time", g0."departure_time", g0."stop_id", g0."stop_sequence", g0."pickup_type", g0."drop_off_type" FROM "gtfs_stop_times" AS g0 []
[90m↳ anonymous fn/1 in HexaRail.Simulation.Engine.build_and_freeze_stig/2, at: lib/hexarail/simulation/engine.ex:97[0m

21:39:39.154 [info] [IGNITION] 50% - Ingesting Schedule Matrix: 50%

21:39:39.241 [debug] QUERY OK source="gtfs_stop_times" db=79.5ms decode=6.8ms
SELECT g0."trip_id", g0."arrival_time", g0."departure_time", g0."stop_id", g0."stop_sequence", g0."pickup_type", g0."drop_off_type" FROM "gtfs_stop_times" AS g0 []
[90m↳ anonymous fn/1 in HexaRail.Simulation.Engine.build_and_freeze_stig/2, at: lib/hexarail/simulation/engine.ex:97[0m

21:39:39.368 [info] [IGNITION] 50% - Ingesting Schedule Matrix: 50%

21:39:39.451 [debug] QUERY OK source="gtfs_stop_times" db=76.8ms decode=5.9ms
SELECT g0."trip_id", g0."arrival_time", g0."departure_time", g0."stop_id", g0."stop_sequence", g0."pickup_type", g0."drop_off_type" FROM "gtfs_stop_times" AS g0 []
[90m↳ anonymous fn/1 in HexaRail.Simulation.Engine.build_and_freeze_stig/2, at: lib/hexarail/simulation/engine.ex:97[0m

21:39:39.588 [info] [IGNITION] 50% - Ingesting Schedule Matrix: 50%

21:39:39.677 [debug] QUERY OK source="gtfs_stop_times" db=82.7ms decode=6.3ms
SELECT g0."trip_id", g0."arrival_time", g0."departure_time", g0."stop_id", g0."stop_sequence", g0."pickup_type", g0."drop_off_type" FROM "gtfs_stop_times" AS g0 []
[90m↳ anonymous fn/1 in HexaRail.Simulation.Engine.build_and_freeze_stig/2, at: lib/hexarail/simulation/engine.ex:97[0m

21:39:39.813 [info] [IGNITION] 50% - Ingesting Schedule Matrix: 50%

21:39:39.895 [debug] QUERY OK source="gtfs_stop_times" db=76.4ms decode=4.7ms
SELECT g0."trip_id", g0."arrival_time", g0."departure_time", g0."stop_id", g0."stop_sequence", g0."pickup_type", g0."drop_off_type" FROM "gtfs_stop_times" AS g0 []
[90m↳ anonymous fn/1 in HexaRail.Simulation.Engine.build_and_freeze_stig/2, at: lib/hexarail/simulation/engine.ex:97[0m

21:39:40.025 [info] [IGNITION] 51% - Ingesting Schedule Matrix: 51%

21:39:40.106 [debug] QUERY OK source="gtfs_stop_times" db=74.6ms decode=6.7ms
SELECT g0."trip_id", g0."arrival_time", g0."departure_time", g0."stop_id", g0."stop_sequence", g0."pickup_type", g0."drop_off_type" FROM "gtfs_stop_times" AS g0 []
[90m↳ anonymous fn/1 in HexaRail.Simulation.Engine.build_and_freeze_stig/2, at: lib/hexarail/simulation/engine.ex:97[0m

21:39:40.235 [info] [IGNITION] 51% - Ingesting Schedule Matrix: 51%

21:39:40.318 [debug] QUERY OK source="gtfs_stop_times" db=77.9ms decode=5.0ms
SELECT g0."trip_id", g0."arrival_time", g0."departure_time", g0."stop_id", g0."stop_sequence", g0."pickup_type", g0."drop_off_type" FROM "gtfs_stop_times" AS g0 []
[90m↳ anonymous fn/1 in HexaRail.Simulation.Engine.build_and_freeze_stig/2, at: lib/hexarail/simulation/engine.ex:97[0m

21:39:40.448 [info] [IGNITION] 51% - Ingesting Schedule Matrix: 51%

21:39:40.537 [debug] QUERY OK source="gtfs_stop_times" db=83.2ms decode=6.0ms
SELECT g0."trip_id", g0."arrival_time", g0."departure_time", g0."stop_id", g0."stop_sequence", g0."pickup_type", g0."drop_off_type" FROM "gtfs_stop_times" AS g0 []
[90m↳ anonymous fn/1 in HexaRail.Simulation.Engine.build_and_freeze_stig/2, at: lib/hexarail/simulation/engine.ex:97[0m

21:39:40.667 [info] [IGNITION] 51% - Ingesting Schedule Matrix: 51%

21:39:40.751 [debug] QUERY OK source="gtfs_stop_times" db=77.6ms decode=5.5ms
SELECT g0."trip_id", g0."arrival_time", g0."departure_time", g0."stop_id", g0."stop_sequence", g0."pickup_type", g0."drop_off_type" FROM "gtfs_stop_times" AS g0 []
[90m↳ anonymous fn/1 in HexaRail.Simulation.Engine.build_and_freeze_stig/2, at: lib/hexarail/simulation/engine.ex:97[0m

21:39:40.881 [info] [IGNITION] 52% - Ingesting Schedule Matrix: 52%

21:39:40.965 [debug] QUERY OK source="gtfs_stop_times" db=76.3ms decode=7.8ms
SELECT g0."trip_id", g0."arrival_time", g0."departure_time", g0."stop_id", g0."stop_sequence", g0."pickup_type", g0."drop_off_type" FROM "gtfs_stop_times" AS g0 []
[90m↳ anonymous fn/1 in HexaRail.Simulation.Engine.build_and_freeze_stig/2, at: lib/hexarail/simulation/engine.ex:97[0m

21:39:41.087 [info] [IGNITION] 52% - Ingesting Schedule Matrix: 52%

21:39:41.170 [debug] QUERY OK source="gtfs_stop_times" db=78.3ms decode=3.9ms
SELECT g0."trip_id", g0."arrival_time", g0."departure_time", g0."stop_id", g0."stop_sequence", g0."pickup_type", g0."drop_off_type" FROM "gtfs_stop_times" AS g0 []
[90m↳ anonymous fn/1 in HexaRail.Simulation.Engine.build_and_freeze_stig/2, at: lib/hexarail/simulation/engine.ex:97[0m

21:39:41.298 [info] [IGNITION] 52% - Ingesting Schedule Matrix: 52%

21:39:41.376 [debug] QUERY OK source="gtfs_stop_times" db=73.1ms decode=4.2ms
SELECT g0."trip_id", g0."arrival_time", g0."departure_time", g0."stop_id", g0."stop_sequence", g0."pickup_type", g0."drop_off_type" FROM "gtfs_stop_times" AS g0 []
[90m↳ anonymous fn/1 in HexaRail.Simulation.Engine.build_and_freeze_stig/2, at: lib/hexarail/simulation/engine.ex:97[0m

21:39:41.508 [info] [IGNITION] 53% - Ingesting Schedule Matrix: 53%

21:39:41.603 [debug] QUERY OK source="gtfs_stop_times" db=88.9ms decode=5.7ms
SELECT g0."trip_id", g0."arrival_time", g0."departure_time", g0."stop_id", g0."stop_sequence", g0."pickup_type", g0."drop_off_type" FROM "gtfs_stop_times" AS g0 []
[90m↳ anonymous fn/1 in HexaRail.Simulation.Engine.build_and_freeze_stig/2, at: lib/hexarail/simulation/engine.ex:97[0m

21:39:41.744 [info] [IGNITION] 53% - Ingesting Schedule Matrix: 53%

21:39:41.838 [debug] QUERY OK source="gtfs_stop_times" db=88.6ms decode=5.1ms
SELECT g0."trip_id", g0."arrival_time", g0."departure_time", g0."stop_id", g0."stop_sequence", g0."pickup_type", g0."drop_off_type" FROM "gtfs_stop_times" AS g0 []
[90m↳ anonymous fn/1 in HexaRail.Simulation.Engine.build_and_freeze_stig/2, at: lib/hexarail/simulation/engine.ex:97[0m

21:39:41.971 [info] [IGNITION] 53% - Ingesting Schedule Matrix: 53%

21:39:42.056 [debug] QUERY OK source="gtfs_stop_times" db=78.5ms decode=5.6ms
SELECT g0."trip_id", g0."arrival_time", g0."departure_time", g0."stop_id", g0."stop_sequence", g0."pickup_type", g0."drop_off_type" FROM "gtfs_stop_times" AS g0 []
[90m↳ anonymous fn/1 in HexaRail.Simulation.Engine.build_and_freeze_stig/2, at: lib/hexarail/simulation/engine.ex:97[0m

21:39:42.189 [info] [IGNITION] 53% - Ingesting Schedule Matrix: 53%

21:39:42.275 [debug] QUERY OK source="gtfs_stop_times" db=80.7ms decode=4.6ms
SELECT g0."trip_id", g0."arrival_time", g0."departure_time", g0."stop_id", g0."stop_sequence", g0."pickup_type", g0."drop_off_type" FROM "gtfs_stop_times" AS g0 []
[90m↳ anonymous fn/1 in HexaRail.Simulation.Engine.build_and_freeze_stig/2, at: lib/hexarail/simulation/engine.ex:97[0m

21:39:42.413 [info] [IGNITION] 54% - Ingesting Schedule Matrix: 54%

21:39:42.504 [debug] QUERY OK source="gtfs_stop_times" db=85.2ms decode=5.2ms
SELECT g0."trip_id", g0."arrival_time", g0."departure_time", g0."stop_id", g0."stop_sequence", g0."pickup_type", g0."drop_off_type" FROM "gtfs_stop_times" AS g0 []
[90m↳ anonymous fn/1 in HexaRail.Simulation.Engine.build_and_freeze_stig/2, at: lib/hexarail/simulation/engine.ex:97[0m

21:39:42.661 [info] [IGNITION] 54% - Ingesting Schedule Matrix: 54%

21:39:42.752 [debug] QUERY OK source="gtfs_stop_times" db=86.4ms decode=4.5ms
SELECT g0."trip_id", g0."arrival_time", g0."departure_time", g0."stop_id", g0."stop_sequence", g0."pickup_type", g0."drop_off_type" FROM "gtfs_stop_times" AS g0 []
[90m↳ anonymous fn/1 in HexaRail.Simulation.Engine.build_and_freeze_stig/2, at: lib/hexarail/simulation/engine.ex:97[0m

21:39:42.906 [info] [IGNITION] 54% - Ingesting Schedule Matrix: 54%

21:39:42.991 [debug] QUERY OK source="gtfs_stop_times" db=79.9ms decode=5.1ms
SELECT g0."trip_id", g0."arrival_time", g0."departure_time", g0."stop_id", g0."stop_sequence", g0."pickup_type", g0."drop_off_type" FROM "gtfs_stop_times" AS g0 []
[90m↳ anonymous fn/1 in HexaRail.Simulation.Engine.build_and_freeze_stig/2, at: lib/hexarail/simulation/engine.ex:97[0m

21:39:43.149 [info] [IGNITION] 54% - Ingesting Schedule Matrix: 54%

21:39:43.241 [debug] QUERY OK source="gtfs_stop_times" db=87.8ms decode=4.2ms
SELECT g0."trip_id", g0."arrival_time", g0."departure_time", g0."stop_id", g0."stop_sequence", g0."pickup_type", g0."drop_off_type" FROM "gtfs_stop_times" AS g0 []
[90m↳ anonymous fn/1 in HexaRail.Simulation.Engine.build_and_freeze_stig/2, at: lib/hexarail/simulation/engine.ex:97[0m

21:39:43.390 [info] [IGNITION] 55% - Ingesting Schedule Matrix: 55%

21:39:43.477 [debug] QUERY OK source="gtfs_stop_times" db=82.2ms decode=3.6ms
SELECT g0."trip_id", g0."arrival_time", g0."departure_time", g0."stop_id", g0."stop_sequence", g0."pickup_type", g0."drop_off_type" FROM "gtfs_stop_times" AS g0 []
[90m↳ anonymous fn/1 in HexaRail.Simulation.Engine.build_and_freeze_stig/2, at: lib/hexarail/simulation/engine.ex:97[0m

21:39:43.639 [info] [IGNITION] 55% - Ingesting Schedule Matrix: 55%

21:39:43.733 [debug] QUERY OK source="gtfs_stop_times" db=91.7ms decode=2.4ms
SELECT g0."trip_id", g0."arrival_time", g0."departure_time", g0."stop_id", g0."stop_sequence", g0."pickup_type", g0."drop_off_type" FROM "gtfs_stop_times" AS g0 []
[90m↳ anonymous fn/1 in HexaRail.Simulation.Engine.build_and_freeze_stig/2, at: lib/hexarail/simulation/engine.ex:97[0m

21:39:43.870 [info] [IGNITION] 55% - Ingesting Schedule Matrix: 55%

21:39:43.946 [debug] QUERY OK source="gtfs_stop_times" db=70.3ms decode=5.1ms
SELECT g0."trip_id", g0."arrival_time", g0."departure_time", g0."stop_id", g0."stop_sequence", g0."pickup_type", g0."drop_off_type" FROM "gtfs_stop_times" AS g0 []
[90m↳ anonymous fn/1 in HexaRail.Simulation.Engine.build_and_freeze_stig/2, at: lib/hexarail/simulation/engine.ex:97[0m

21:39:44.073 [info] [IGNITION] 55% - Ingesting Schedule Matrix: 55%

21:39:44.152 [debug] QUERY OK source="gtfs_stop_times" db=74.9ms decode=3.9ms
SELECT g0."trip_id", g0."arrival_time", g0."departure_time", g0."stop_id", g0."stop_sequence", g0."pickup_type", g0."drop_off_type" FROM "gtfs_stop_times" AS g0 []
[90m↳ anonymous fn/1 in HexaRail.Simulation.Engine.build_and_freeze_stig/2, at: lib/hexarail/simulation/engine.ex:97[0m

21:39:44.288 [info] [IGNITION] 56% - Ingesting Schedule Matrix: 56%

21:39:44.364 [debug] QUERY OK source="gtfs_stop_times" db=71.7ms decode=4.3ms
SELECT g0."trip_id", g0."arrival_time", g0."departure_time", g0."stop_id", g0."stop_sequence", g0."pickup_type", g0."drop_off_type" FROM "gtfs_stop_times" AS g0 []
[90m↳ anonymous fn/1 in HexaRail.Simulation.Engine.build_and_freeze_stig/2, at: lib/hexarail/simulation/engine.ex:97[0m

21:39:44.495 [info] [IGNITION] 56% - Ingesting Schedule Matrix: 56%

21:39:44.582 [debug] QUERY OK source="gtfs_stop_times" db=81.8ms decode=4.7ms
SELECT g0."trip_id", g0."arrival_time", g0."departure_time", g0."stop_id", g0."stop_sequence", g0."pickup_type", g0."drop_off_type" FROM "gtfs_stop_times" AS g0 []
[90m↳ anonymous fn/1 in HexaRail.Simulation.Engine.build_and_freeze_stig/2, at: lib/hexarail/simulation/engine.ex:97[0m

21:39:44.719 [info] [IGNITION] 56% - Ingesting Schedule Matrix: 56%

21:39:44.797 [debug] QUERY OK source="gtfs_stop_times" db=71.8ms decode=6.1ms
SELECT g0."trip_id", g0."arrival_time", g0."departure_time", g0."stop_id", g0."stop_sequence", g0."pickup_type", g0."drop_off_type" FROM "gtfs_stop_times" AS g0 []
[90m↳ anonymous fn/1 in HexaRail.Simulation.Engine.build_and_freeze_stig/2, at: lib/hexarail/simulation/engine.ex:97[0m

21:39:44.933 [info] [IGNITION] 56% - Ingesting Schedule Matrix: 56%

21:39:45.019 [debug] QUERY OK source="gtfs_stop_times" db=82.3ms decode=3.7ms
SELECT g0."trip_id", g0."arrival_time", g0."departure_time", g0."stop_id", g0."stop_sequence", g0."pickup_type", g0."drop_off_type" FROM "gtfs_stop_times" AS g0 []
[90m↳ anonymous fn/1 in HexaRail.Simulation.Engine.build_and_freeze_stig/2, at: lib/hexarail/simulation/engine.ex:97[0m

21:39:45.155 [info] [IGNITION] 57% - Ingesting Schedule Matrix: 57%

21:39:45.235 [debug] QUERY OK source="gtfs_stop_times" db=74.3ms decode=5.4ms
SELECT g0."trip_id", g0."arrival_time", g0."departure_time", g0."stop_id", g0."stop_sequence", g0."pickup_type", g0."drop_off_type" FROM "gtfs_stop_times" AS g0 []
[90m↳ anonymous fn/1 in HexaRail.Simulation.Engine.build_and_freeze_stig/2, at: lib/hexarail/simulation/engine.ex:97[0m

21:39:45.362 [info] [IGNITION] 57% - Ingesting Schedule Matrix: 57%

21:39:45.437 [debug] QUERY OK source="gtfs_stop_times" db=71.3ms decode=3.9ms
SELECT g0."trip_id", g0."arrival_time", g0."departure_time", g0."stop_id", g0."stop_sequence", g0."pickup_type", g0."drop_off_type" FROM "gtfs_stop_times" AS g0 []
[90m↳ anonymous fn/1 in HexaRail.Simulation.Engine.build_and_freeze_stig/2, at: lib/hexarail/simulation/engine.ex:97[0m

21:39:45.579 [info] [IGNITION] 57% - Ingesting Schedule Matrix: 57%

21:39:45.665 [debug] QUERY OK source="gtfs_stop_times" db=79.7ms decode=5.3ms
SELECT g0."trip_id", g0."arrival_time", g0."departure_time", g0."stop_id", g0."stop_sequence", g0."pickup_type", g0."drop_off_type" FROM "gtfs_stop_times" AS g0 []
[90m↳ anonymous fn/1 in HexaRail.Simulation.Engine.build_and_freeze_stig/2, at: lib/hexarail/simulation/engine.ex:97[0m

21:39:45.804 [info] [IGNITION] 57% - Ingesting Schedule Matrix: 57%

21:39:45.891 [debug] QUERY OK source="gtfs_stop_times" db=83.2ms decode=3.7ms
SELECT g0."trip_id", g0."arrival_time", g0."departure_time", g0."stop_id", g0."stop_sequence", g0."pickup_type", g0."drop_off_type" FROM "gtfs_stop_times" AS g0 []
[90m↳ anonymous fn/1 in HexaRail.Simulation.Engine.build_and_freeze_stig/2, at: lib/hexarail/simulation/engine.ex:97[0m

21:39:46.027 [info] [IGNITION] 58% - Ingesting Schedule Matrix: 58%

21:39:46.104 [debug] QUERY OK source="gtfs_stop_times" db=72.6ms decode=3.8ms
SELECT g0."trip_id", g0."arrival_time", g0."departure_time", g0."stop_id", g0."stop_sequence", g0."pickup_type", g0."drop_off_type" FROM "gtfs_stop_times" AS g0 []
[90m↳ anonymous fn/1 in HexaRail.Simulation.Engine.build_and_freeze_stig/2, at: lib/hexarail/simulation/engine.ex:97[0m

21:39:46.244 [info] [IGNITION] 58% - Ingesting Schedule Matrix: 58%

21:39:46.332 [debug] QUERY OK source="gtfs_stop_times" db=82.0ms decode=4.8ms
SELECT g0."trip_id", g0."arrival_time", g0."departure_time", g0."stop_id", g0."stop_sequence", g0."pickup_type", g0."drop_off_type" FROM "gtfs_stop_times" AS g0 []
[90m↳ anonymous fn/1 in HexaRail.Simulation.Engine.build_and_freeze_stig/2, at: lib/hexarail/simulation/engine.ex:97[0m

21:39:46.477 [info] [IGNITION] 58% - Ingesting Schedule Matrix: 58%

21:39:46.573 [debug] QUERY OK source="gtfs_stop_times" db=90.2ms decode=5.2ms
SELECT g0."trip_id", g0."arrival_time", g0."departure_time", g0."stop_id", g0."stop_sequence", g0."pickup_type", g0."drop_off_type" FROM "gtfs_stop_times" AS g0 []
[90m↳ anonymous fn/1 in HexaRail.Simulation.Engine.build_and_freeze_stig/2, at: lib/hexarail/simulation/engine.ex:97[0m

21:39:46.720 [info] [IGNITION] 59% - Ingesting Schedule Matrix: 59%

21:39:46.795 [debug] QUERY OK source="gtfs_stop_times" db=70.6ms decode=4.5ms
SELECT g0."trip_id", g0."arrival_time", g0."departure_time", g0."stop_id", g0."stop_sequence", g0."pickup_type", g0."drop_off_type" FROM "gtfs_stop_times" AS g0 []
[90m↳ anonymous fn/1 in HexaRail.Simulation.Engine.build_and_freeze_stig/2, at: lib/hexarail/simulation/engine.ex:97[0m

21:39:46.929 [info] [IGNITION] 59% - Ingesting Schedule Matrix: 59%

21:39:47.013 [debug] QUERY OK source="gtfs_stop_times" db=80.1ms decode=3.7ms
SELECT g0."trip_id", g0."arrival_time", g0."departure_time", g0."stop_id", g0."stop_sequence", g0."pickup_type", g0."drop_off_type" FROM "gtfs_stop_times" AS g0 []
[90m↳ anonymous fn/1 in HexaRail.Simulation.Engine.build_and_freeze_stig/2, at: lib/hexarail/simulation/engine.ex:97[0m

21:39:47.188 [info] [IGNITION] 59% - Ingesting Schedule Matrix: 59%

21:39:47.266 [debug] QUERY OK source="gtfs_stop_times" db=72.6ms decode=4.4ms
SELECT g0."trip_id", g0."arrival_time", g0."departure_time", g0."stop_id", g0."stop_sequence", g0."pickup_type", g0."drop_off_type" FROM "gtfs_stop_times" AS g0 []
[90m↳ anonymous fn/1 in HexaRail.Simulation.Engine.build_and_freeze_stig/2, at: lib/hexarail/simulation/engine.ex:97[0m

21:39:47.418 [info] [IGNITION] 59% - Ingesting Schedule Matrix: 59%

21:39:47.506 [debug] Processing with HexaRailWeb.TwinLive.Elixir.HexaRailWeb.TwinLive/2
  Parameters: %{}
  Pipelines: [:browser]

21:39:47.591 [debug] QUERY OK source="gtfs_stop_times" db=163.8ms decode=9.4ms
SELECT g0."trip_id", g0."arrival_time", g0."departure_time", g0."stop_id", g0."stop_sequence", g0."pickup_type", g0."drop_off_type" FROM "gtfs_stop_times" AS g0 []
[90m↳ anonymous fn/1 in HexaRail.Simulation.Engine.build_and_freeze_stig/2, at: lib/hexarail/simulation/engine.ex:97[0m

21:39:47.793 [info] [IGNITION] 60% - Ingesting Schedule Matrix: 60%

21:39:47.874 [debug] QUERY OK source="gtfs_stop_times" db=74.6ms decode=6.4ms
SELECT g0."trip_id", g0."arrival_time", g0."departure_time", g0."stop_id", g0."stop_sequence", g0."pickup_type", g0."drop_off_type" FROM "gtfs_stop_times" AS g0 []
[90m↳ anonymous fn/1 in HexaRail.Simulation.Engine.build_and_freeze_stig/2, at: lib/hexarail/simulation/engine.ex:97[0m

21:39:48.026 [info] [IGNITION] 60% - Ingesting Schedule Matrix: 60%

21:39:48.102 [debug] QUERY OK source="gtfs_stop_times" db=71.9ms decode=3.2ms
SELECT g0."trip_id", g0."arrival_time", g0."departure_time", g0."stop_id", g0."stop_sequence", g0."pickup_type", g0."drop_off_type" FROM "gtfs_stop_times" AS g0 []
[90m↳ anonymous fn/1 in HexaRail.Simulation.Engine.build_and_freeze_stig/2, at: lib/hexarail/simulation/engine.ex:97[0m

21:39:48.265 [info] [IGNITION] 60% - Ingesting Schedule Matrix: 60%

21:39:48.346 [debug] QUERY OK source="gtfs_stop_times" db=74.7ms decode=5.7ms
SELECT g0."trip_id", g0."arrival_time", g0."departure_time", g0."stop_id", g0."stop_sequence", g0."pickup_type", g0."drop_off_type" FROM "gtfs_stop_times" AS g0 []
[90m↳ anonymous fn/1 in HexaRail.Simulation.Engine.build_and_freeze_stig/2, at: lib/hexarail/simulation/engine.ex:97[0m

21:39:48.504 [info] [IGNITION] 60% - Ingesting Schedule Matrix: 60%

21:39:48.590 [debug] QUERY OK source="gtfs_stop_times" db=82.4ms decode=3.7ms
SELECT g0."trip_id", g0."arrival_time", g0."departure_time", g0."stop_id", g0."stop_sequence", g0."pickup_type", g0."drop_off_type" FROM "gtfs_stop_times" AS g0 []
[90m↳ anonymous fn/1 in HexaRail.Simulation.Engine.build_and_freeze_stig/2, at: lib/hexarail/simulation/engine.ex:97[0m

21:39:48.739 [info] [IGNITION] 61% - Ingesting Schedule Matrix: 61%

21:39:48.818 [debug] QUERY OK source="gtfs_stop_times" db=70.8ms decode=6.9ms
SELECT g0."trip_id", g0."arrival_time", g0."departure_time", g0."stop_id", g0."stop_sequence", g0."pickup_type", g0."drop_off_type" FROM "gtfs_stop_times" AS g0 []
[90m↳ anonymous fn/1 in HexaRail.Simulation.Engine.build_and_freeze_stig/2, at: lib/hexarail/simulation/engine.ex:97[0m

21:39:48.963 [info] [IGNITION] 61% - Ingesting Schedule Matrix: 61%

21:39:49.041 [debug] QUERY OK source="gtfs_stop_times" db=73.7ms decode=3.6ms
SELECT g0."trip_id", g0."arrival_time", g0."departure_time", g0."stop_id", g0."stop_sequence", g0."pickup_type", g0."drop_off_type" FROM "gtfs_stop_times" AS g0 []
[90m↳ anonymous fn/1 in HexaRail.Simulation.Engine.build_and_freeze_stig/2, at: lib/hexarail/simulation/engine.ex:97[0m

21:39:49.177 [info] [IGNITION] 61% - Ingesting Schedule Matrix: 61%

21:39:49.258 [debug] QUERY OK source="gtfs_stop_times" db=76.8ms decode=3.3ms
SELECT g0."trip_id", g0."arrival_time", g0."departure_time", g0."stop_id", g0."stop_sequence", g0."pickup_type", g0."drop_off_type" FROM "gtfs_stop_times" AS g0 []
[90m↳ anonymous fn/1 in HexaRail.Simulation.Engine.build_and_freeze_stig/2, at: lib/hexarail/simulation/engine.ex:97[0m

21:39:49.408 [info] [IGNITION] 61% - Ingesting Schedule Matrix: 61%

21:39:49.490 [debug] QUERY OK source="gtfs_stop_times" db=78.6ms decode=3.5ms
SELECT g0."trip_id", g0."arrival_time", g0."departure_time", g0."stop_id", g0."stop_sequence", g0."pickup_type", g0."drop_off_type" FROM "gtfs_stop_times" AS g0 []
[90m↳ anonymous fn/1 in HexaRail.Simulation.Engine.build_and_freeze_stig/2, at: lib/hexarail/simulation/engine.ex:97[0m

21:39:49.639 [info] [IGNITION] 62% - Ingesting Schedule Matrix: 62%

21:39:49.729 [debug] QUERY OK source="gtfs_stop_times" db=81.1ms decode=7.9ms
SELECT g0."trip_id", g0."arrival_time", g0."departure_time", g0."stop_id", g0."stop_sequence", g0."pickup_type", g0."drop_off_type" FROM "gtfs_stop_times" AS g0 []
[90m↳ anonymous fn/1 in HexaRail.Simulation.Engine.build_and_freeze_stig/2, at: lib/hexarail/simulation/engine.ex:97[0m

21:39:49.875 [info] [IGNITION] 62% - Ingesting Schedule Matrix: 62%

21:39:49.957 [debug] QUERY OK source="gtfs_stop_times" db=76.3ms decode=4.7ms
SELECT g0."trip_id", g0."arrival_time", g0."departure_time", g0."stop_id", g0."stop_sequence", g0."pickup_type", g0."drop_off_type" FROM "gtfs_stop_times" AS g0 []
[90m↳ anonymous fn/1 in HexaRail.Simulation.Engine.build_and_freeze_stig/2, at: lib/hexarail/simulation/engine.ex:97[0m

21:39:50.102 [info] [IGNITION] 62% - Ingesting Schedule Matrix: 62%

21:39:50.190 [debug] QUERY OK source="gtfs_stop_times" db=81.3ms decode=6.7ms
SELECT g0."trip_id", g0."arrival_time", g0."departure_time", g0."stop_id", g0."stop_sequence", g0."pickup_type", g0."drop_off_type" FROM "gtfs_stop_times" AS g0 []
[90m↳ anonymous fn/1 in HexaRail.Simulation.Engine.build_and_freeze_stig/2, at: lib/hexarail/simulation/engine.ex:97[0m

21:39:50.319 [info] [IGNITION] 62% - Ingesting Schedule Matrix: 62%

21:39:50.399 [debug] QUERY OK source="gtfs_stop_times" db=74.5ms decode=5.8ms
SELECT g0."trip_id", g0."arrival_time", g0."departure_time", g0."stop_id", g0."stop_sequence", g0."pickup_type", g0."drop_off_type" FROM "gtfs_stop_times" AS g0 []
[90m↳ anonymous fn/1 in HexaRail.Simulation.Engine.build_and_freeze_stig/2, at: lib/hexarail/simulation/engine.ex:97[0m

21:39:50.527 [info] [IGNITION] 63% - Ingesting Schedule Matrix: 63%

21:39:50.616 [debug] QUERY OK source="gtfs_stop_times" db=84.4ms decode=3.9ms
SELECT g0."trip_id", g0."arrival_time", g0."departure_time", g0."stop_id", g0."stop_sequence", g0."pickup_type", g0."drop_off_type" FROM "gtfs_stop_times" AS g0 []
[90m↳ anonymous fn/1 in HexaRail.Simulation.Engine.build_and_freeze_stig/2, at: lib/hexarail/simulation/engine.ex:97[0m

21:39:50.744 [info] [IGNITION] 63% - Ingesting Schedule Matrix: 63%

21:39:50.826 [debug] QUERY OK source="gtfs_stop_times" db=75.0ms decode=6.6ms
SELECT g0."trip_id", g0."arrival_time", g0."departure_time", g0."stop_id", g0."stop_sequence", g0."pickup_type", g0."drop_off_type" FROM "gtfs_stop_times" AS g0 []
[90m↳ anonymous fn/1 in HexaRail.Simulation.Engine.build_and_freeze_stig/2, at: lib/hexarail/simulation/engine.ex:97[0m

21:39:50.950 [info] [IGNITION] 63% - Ingesting Schedule Matrix: 63%

21:39:51.033 [debug] QUERY OK source="gtfs_stop_times" db=79.1ms decode=4.2ms
SELECT g0."trip_id", g0."arrival_time", g0."departure_time", g0."stop_id", g0."stop_sequence", g0."pickup_type", g0."drop_off_type" FROM "gtfs_stop_times" AS g0 []
[90m↳ anonymous fn/1 in HexaRail.Simulation.Engine.build_and_freeze_stig/2, at: lib/hexarail/simulation/engine.ex:97[0m

21:39:51.172 [info] [IGNITION] 63% - Ingesting Schedule Matrix: 63%

21:39:51.253 [debug] QUERY OK source="gtfs_stop_times" db=77.1ms decode=3.9ms
SELECT g0."trip_id", g0."arrival_time", g0."departure_time", g0."stop_id", g0."stop_sequence", g0."pickup_type", g0."drop_off_type" FROM "gtfs_stop_times" AS g0 []
[90m↳ anonymous fn/1 in HexaRail.Simulation.Engine.build_and_freeze_stig/2, at: lib/hexarail/simulation/engine.ex:97[0m

21:39:51.389 [info] [IGNITION] 64% - Ingesting Schedule Matrix: 64%

21:39:51.471 [debug] QUERY OK source="gtfs_stop_times" db=77.4ms decode=3.9ms
SELECT g0."trip_id", g0."arrival_time", g0."departure_time", g0."stop_id", g0."stop_sequence", g0."pickup_type", g0."drop_off_type" FROM "gtfs_stop_times" AS g0 []
[90m↳ anonymous fn/1 in HexaRail.Simulation.Engine.build_and_freeze_stig/2, at: lib/hexarail/simulation/engine.ex:97[0m

21:39:51.610 [info] [IGNITION] 64% - Ingesting Schedule Matrix: 64%

21:39:51.692 [debug] QUERY OK source="gtfs_stop_times" db=77.8ms decode=4.2ms
SELECT g0."trip_id", g0."arrival_time", g0."departure_time", g0."stop_id", g0."stop_sequence", g0."pickup_type", g0."drop_off_type" FROM "gtfs_stop_times" AS g0 []
[90m↳ anonymous fn/1 in HexaRail.Simulation.Engine.build_and_freeze_stig/2, at: lib/hexarail/simulation/engine.ex:97[0m

21:39:51.822 [info] [IGNITION] 64% - Ingesting Schedule Matrix: 64%

21:39:51.899 [debug] QUERY OK source="gtfs_stop_times" db=72.7ms decode=4.1ms
SELECT g0."trip_id", g0."arrival_time", g0."departure_time", g0."stop_id", g0."stop_sequence", g0."pickup_type", g0."drop_off_type" FROM "gtfs_stop_times" AS g0 []
[90m↳ anonymous fn/1 in HexaRail.Simulation.Engine.build_and_freeze_stig/2, at: lib/hexarail/simulation/engine.ex:97[0m

21:39:52.031 [info] [IGNITION] 65% - Ingesting Schedule Matrix: 65%

21:39:52.112 [debug] QUERY OK source="gtfs_stop_times" db=74.4ms decode=6.1ms
SELECT g0."trip_id", g0."arrival_time", g0."departure_time", g0."stop_id", g0."stop_sequence", g0."pickup_type", g0."drop_off_type" FROM "gtfs_stop_times" AS g0 []
[90m↳ anonymous fn/1 in HexaRail.Simulation.Engine.build_and_freeze_stig/2, at: lib/hexarail/simulation/engine.ex:97[0m

21:39:52.241 [info] [IGNITION] 65% - Ingesting Schedule Matrix: 65%

21:39:52.317 [debug] QUERY OK source="gtfs_stop_times" db=72.9ms decode=3.3ms
SELECT g0."trip_id", g0."arrival_time", g0."departure_time", g0."stop_id", g0."stop_sequence", g0."pickup_type", g0."drop_off_type" FROM "gtfs_stop_times" AS g0 []
[90m↳ anonymous fn/1 in HexaRail.Simulation.Engine.build_and_freeze_stig/2, at: lib/hexarail/simulation/engine.ex:97[0m

21:39:52.443 [info] [IGNITION] 65% - Ingesting Schedule Matrix: 65%

21:39:52.521 [debug] QUERY OK source="gtfs_stop_times" db=74.2ms decode=3.9ms
SELECT g0."trip_id", g0."arrival_time", g0."departure_time", g0."stop_id", g0."stop_sequence", g0."pickup_type", g0."drop_off_type" FROM "gtfs_stop_times" AS g0 []
[90m↳ anonymous fn/1 in HexaRail.Simulation.Engine.build_and_freeze_stig/2, at: lib/hexarail/simulation/engine.ex:97[0m

21:39:52.663 [info] [IGNITION] 65% - Ingesting Schedule Matrix: 65%

21:39:52.744 [debug] QUERY OK source="gtfs_stop_times" db=74.9ms decode=5.7ms
SELECT g0."trip_id", g0."arrival_time", g0."departure_time", g0."stop_id", g0."stop_sequence", g0."pickup_type", g0."drop_off_type" FROM "gtfs_stop_times" AS g0 []
[90m↳ anonymous fn/1 in HexaRail.Simulation.Engine.build_and_freeze_stig/2, at: lib/hexarail/simulation/engine.ex:97[0m

21:39:52.871 [info] [IGNITION] 66% - Ingesting Schedule Matrix: 66%

21:39:52.949 [debug] QUERY OK source="gtfs_stop_times" db=74.3ms decode=3.6ms
SELECT g0."trip_id", g0."arrival_time", g0."departure_time", g0."stop_id", g0."stop_sequence", g0."pickup_type", g0."drop_off_type" FROM "gtfs_stop_times" AS g0 []
[90m↳ anonymous fn/1 in HexaRail.Simulation.Engine.build_and_freeze_stig/2, at: lib/hexarail/simulation/engine.ex:97[0m

21:39:53.083 [info] [IGNITION] 66% - Ingesting Schedule Matrix: 66%

21:39:53.161 [debug] QUERY OK source="gtfs_stop_times" db=73.6ms decode=3.7ms
SELECT g0."trip_id", g0."arrival_time", g0."departure_time", g0."stop_id", g0."stop_sequence", g0."pickup_type", g0."drop_off_type" FROM "gtfs_stop_times" AS g0 []
[90m↳ anonymous fn/1 in HexaRail.Simulation.Engine.build_and_freeze_stig/2, at: lib/hexarail/simulation/engine.ex:97[0m

21:39:53.288 [info] [IGNITION] 66% - Ingesting Schedule Matrix: 66%

21:39:53.362 [debug] QUERY OK source="gtfs_stop_times" db=70.1ms decode=3.7ms
SELECT g0."trip_id", g0."arrival_time", g0."departure_time", g0."stop_id", g0."stop_sequence", g0."pickup_type", g0."drop_off_type" FROM "gtfs_stop_times" AS g0 []
[90m↳ anonymous fn/1 in HexaRail.Simulation.Engine.build_and_freeze_stig/2, at: lib/hexarail/simulation/engine.ex:97[0m

21:39:53.493 [info] [IGNITION] 66% - Ingesting Schedule Matrix: 66%

21:39:53.575 [debug] QUERY OK source="gtfs_stop_times" db=77.0ms decode=4.0ms
SELECT g0."trip_id", g0."arrival_time", g0."departure_time", g0."stop_id", g0."stop_sequence", g0."pickup_type", g0."drop_off_type" FROM "gtfs_stop_times" AS g0 []
[90m↳ anonymous fn/1 in HexaRail.Simulation.Engine.build_and_freeze_stig/2, at: lib/hexarail/simulation/engine.ex:97[0m

21:39:53.702 [info] [IGNITION] 67% - Ingesting Schedule Matrix: 67%

21:39:53.781 [debug] QUERY OK source="gtfs_stop_times" db=70.4ms decode=8.0ms
SELECT g0."trip_id", g0."arrival_time", g0."departure_time", g0."stop_id", g0."stop_sequence", g0."pickup_type", g0."drop_off_type" FROM "gtfs_stop_times" AS g0 []
[90m↳ anonymous fn/1 in HexaRail.Simulation.Engine.build_and_freeze_stig/2, at: lib/hexarail/simulation/engine.ex:97[0m

21:39:53.911 [info] [IGNITION] 67% - Ingesting Schedule Matrix: 67%

21:39:53.988 [debug] QUERY OK source="gtfs_stop_times" db=72.7ms decode=4.3ms
SELECT g0."trip_id", g0."arrival_time", g0."departure_time", g0."stop_id", g0."stop_sequence", g0."pickup_type", g0."drop_off_type" FROM "gtfs_stop_times" AS g0 []
[90m↳ anonymous fn/1 in HexaRail.Simulation.Engine.build_and_freeze_stig/2, at: lib/hexarail/simulation/engine.ex:97[0m

21:39:54.115 [info] [IGNITION] 67% - Ingesting Schedule Matrix: 67%

21:39:54.194 [debug] QUERY OK source="gtfs_stop_times" db=74.3ms decode=4.1ms
SELECT g0."trip_id", g0."arrival_time", g0."departure_time", g0."stop_id", g0."stop_sequence", g0."pickup_type", g0."drop_off_type" FROM "gtfs_stop_times" AS g0 []
[90m↳ anonymous fn/1 in HexaRail.Simulation.Engine.build_and_freeze_stig/2, at: lib/hexarail/simulation/engine.ex:97[0m

21:39:54.321 [info] [IGNITION] 67% - Ingesting Schedule Matrix: 67%

21:39:54.400 [debug] QUERY OK source="gtfs_stop_times" db=73.3ms decode=5.2ms
SELECT g0."trip_id", g0."arrival_time", g0."departure_time", g0."stop_id", g0."stop_sequence", g0."pickup_type", g0."drop_off_type" FROM "gtfs_stop_times" AS g0 []
[90m↳ anonymous fn/1 in HexaRail.Simulation.Engine.build_and_freeze_stig/2, at: lib/hexarail/simulation/engine.ex:97[0m

21:39:54.528 [info] [IGNITION] 68% - Ingesting Schedule Matrix: 68%

21:39:54.616 [debug] QUERY OK source="gtfs_stop_times" db=82.7ms decode=5.7ms
SELECT g0."trip_id", g0."arrival_time", g0."departure_time", g0."stop_id", g0."stop_sequence", g0."pickup_type", g0."drop_off_type" FROM "gtfs_stop_times" AS g0 []
[90m↳ anonymous fn/1 in HexaRail.Simulation.Engine.build_and_freeze_stig/2, at: lib/hexarail/simulation/engine.ex:97[0m

21:39:54.750 [info] [IGNITION] 68% - Ingesting Schedule Matrix: 68%

21:39:54.832 [debug] QUERY OK source="gtfs_stop_times" db=77.6ms decode=4.0ms
SELECT g0."trip_id", g0."arrival_time", g0."departure_time", g0."stop_id", g0."stop_sequence", g0."pickup_type", g0."drop_off_type" FROM "gtfs_stop_times" AS g0 []
[90m↳ anonymous fn/1 in HexaRail.Simulation.Engine.build_and_freeze_stig/2, at: lib/hexarail/simulation/engine.ex:97[0m

21:39:54.966 [info] [IGNITION] 68% - Ingesting Schedule Matrix: 68%

21:39:55.042 [debug] QUERY OK source="gtfs_stop_times" db=71.8ms decode=3.8ms
SELECT g0."trip_id", g0."arrival_time", g0."departure_time", g0."stop_id", g0."stop_sequence", g0."pickup_type", g0."drop_off_type" FROM "gtfs_stop_times" AS g0 []
[90m↳ anonymous fn/1 in HexaRail.Simulation.Engine.build_and_freeze_stig/2, at: lib/hexarail/simulation/engine.ex:97[0m

21:39:55.173 [info] [IGNITION] 68% - Ingesting Schedule Matrix: 68%

21:39:55.257 [debug] QUERY OK source="gtfs_stop_times" db=80.2ms decode=3.8ms
SELECT g0."trip_id", g0."arrival_time", g0."departure_time", g0."stop_id", g0."stop_sequence", g0."pickup_type", g0."drop_off_type" FROM "gtfs_stop_times" AS g0 []
[90m↳ anonymous fn/1 in HexaRail.Simulation.Engine.build_and_freeze_stig/2, at: lib/hexarail/simulation/engine.ex:97[0m

21:39:55.385 [info] [IGNITION] 69% - Ingesting Schedule Matrix: 69%

21:39:55.463 [debug] QUERY OK source="gtfs_stop_times" db=74.5ms decode=3.4ms
SELECT g0."trip_id", g0."arrival_time", g0."departure_time", g0."stop_id", g0."stop_sequence", g0."pickup_type", g0."drop_off_type" FROM "gtfs_stop_times" AS g0 []
[90m↳ anonymous fn/1 in HexaRail.Simulation.Engine.build_and_freeze_stig/2, at: lib/hexarail/simulation/engine.ex:97[0m

21:39:55.594 [info] [IGNITION] 69% - Ingesting Schedule Matrix: 69%

21:39:55.676 [debug] QUERY OK source="gtfs_stop_times" db=77.4ms decode=4.1ms
SELECT g0."trip_id", g0."arrival_time", g0."departure_time", g0."stop_id", g0."stop_sequence", g0."pickup_type", g0."drop_off_type" FROM "gtfs_stop_times" AS g0 []
[90m↳ anonymous fn/1 in HexaRail.Simulation.Engine.build_and_freeze_stig/2, at: lib/hexarail/simulation/engine.ex:97[0m

21:39:55.807 [info] [IGNITION] 69% - Ingesting Schedule Matrix: 69%

21:39:55.896 [debug] QUERY OK source="gtfs_stop_times" db=85.5ms decode=3.6ms
SELECT g0."trip_id", g0."arrival_time", g0."departure_time", g0."stop_id", g0."stop_sequence", g0."pickup_type", g0."drop_off_type" FROM "gtfs_stop_times" AS g0 []
[90m↳ anonymous fn/1 in HexaRail.Simulation.Engine.build_and_freeze_stig/2, at: lib/hexarail/simulation/engine.ex:97[0m

21:39:56.038 [info] [IGNITION] 69% - Ingesting Schedule Matrix: 69%

21:39:56.118 [debug] QUERY OK source="gtfs_stop_times" db=74.3ms decode=5.5ms
SELECT g0."trip_id", g0."arrival_time", g0."departure_time", g0."stop_id", g0."stop_sequence", g0."pickup_type", g0."drop_off_type" FROM "gtfs_stop_times" AS g0 []
[90m↳ anonymous fn/1 in HexaRail.Simulation.Engine.build_and_freeze_stig/2, at: lib/hexarail/simulation/engine.ex:97[0m

21:39:56.259 [info] [IGNITION] 70% - Ingesting Schedule Matrix: 70%

21:39:56.335 [debug] QUERY OK source="gtfs_stop_times" db=71.6ms decode=3.7ms
SELECT g0."trip_id", g0."arrival_time", g0."departure_time", g0."stop_id", g0."stop_sequence", g0."pickup_type", g0."drop_off_type" FROM "gtfs_stop_times" AS g0 []
[90m↳ anonymous fn/1 in HexaRail.Simulation.Engine.build_and_freeze_stig/2, at: lib/hexarail/simulation/engine.ex:97[0m

21:39:56.469 [info] [IGNITION] 70% - Ingesting Schedule Matrix: 70%

21:39:56.544 [debug] QUERY OK source="gtfs_stop_times" db=71.3ms decode=4.0ms
SELECT g0."trip_id", g0."arrival_time", g0."departure_time", g0."stop_id", g0."stop_sequence", g0."pickup_type", g0."drop_off_type" FROM "gtfs_stop_times" AS g0 []
[90m↳ anonymous fn/1 in HexaRail.Simulation.Engine.build_and_freeze_stig/2, at: lib/hexarail/simulation/engine.ex:97[0m

21:39:56.678 [info] [IGNITION] 70% - Ingesting Schedule Matrix: 70%

21:39:56.760 [debug] QUERY OK source="gtfs_stop_times" db=77.3ms decode=4.3ms
SELECT g0."trip_id", g0."arrival_time", g0."departure_time", g0."stop_id", g0."stop_sequence", g0."pickup_type", g0."drop_off_type" FROM "gtfs_stop_times" AS g0 []
[90m↳ anonymous fn/1 in HexaRail.Simulation.Engine.build_and_freeze_stig/2, at: lib/hexarail/simulation/engine.ex:97[0m

21:39:56.896 [info] [IGNITION] 71% - Ingesting Schedule Matrix: 71%

21:39:56.975 [debug] QUERY OK source="gtfs_stop_times" db=74.1ms decode=4.8ms
SELECT g0."trip_id", g0."arrival_time", g0."departure_time", g0."stop_id", g0."stop_sequence", g0."pickup_type", g0."drop_off_type" FROM "gtfs_stop_times" AS g0 []
[90m↳ anonymous fn/1 in HexaRail.Simulation.Engine.build_and_freeze_stig/2, at: lib/hexarail/simulation/engine.ex:97[0m

21:39:57.099 [info] [IGNITION] 71% - Ingesting Schedule Matrix: 71%

21:39:57.171 [debug] QUERY OK source="gtfs_stop_times" db=68.0ms decode=4.3ms
SELECT g0."trip_id", g0."arrival_time", g0."departure_time", g0."stop_id", g0."stop_sequence", g0."pickup_type", g0."drop_off_type" FROM "gtfs_stop_times" AS g0 []
[90m↳ anonymous fn/1 in HexaRail.Simulation.Engine.build_and_freeze_stig/2, at: lib/hexarail/simulation/engine.ex:97[0m

21:39:57.303 [info] [IGNITION] 71% - Ingesting Schedule Matrix: 71%

21:39:57.386 [debug] QUERY OK source="gtfs_stop_times" db=76.1ms decode=6.1ms
SELECT g0."trip_id", g0."arrival_time", g0."departure_time", g0."stop_id", g0."stop_sequence", g0."pickup_type", g0."drop_off_type" FROM "gtfs_stop_times" AS g0 []
[90m↳ anonymous fn/1 in HexaRail.Simulation.Engine.build_and_freeze_stig/2, at: lib/hexarail/simulation/engine.ex:97[0m

21:39:57.534 [info] [IGNITION] 71% - Ingesting Schedule Matrix: 71%

21:39:57.632 [debug] QUERY OK source="gtfs_stop_times" db=89.9ms decode=7.1ms
SELECT g0."trip_id", g0."arrival_time", g0."departure_time", g0."stop_id", g0."stop_sequence", g0."pickup_type", g0."drop_off_type" FROM "gtfs_stop_times" AS g0 []
[90m↳ anonymous fn/1 in HexaRail.Simulation.Engine.build_and_freeze_stig/2, at: lib/hexarail/simulation/engine.ex:97[0m

21:39:57.796 [info] [IGNITION] 72% - Ingesting Schedule Matrix: 72%

21:39:57.884 [debug] QUERY OK source="gtfs_stop_times" db=82.6ms decode=4.8ms
SELECT g0."trip_id", g0."arrival_time", g0."departure_time", g0."stop_id", g0."stop_sequence", g0."pickup_type", g0."drop_off_type" FROM "gtfs_stop_times" AS g0 []
[90m↳ anonymous fn/1 in HexaRail.Simulation.Engine.build_and_freeze_stig/2, at: lib/hexarail/simulation/engine.ex:97[0m

21:39:58.038 [info] [IGNITION] 72% - Ingesting Schedule Matrix: 72%

21:39:58.132 [debug] QUERY OK source="gtfs_stop_times" db=89.4ms decode=4.3ms
SELECT g0."trip_id", g0."arrival_time", g0."departure_time", g0."stop_id", g0."stop_sequence", g0."pickup_type", g0."drop_off_type" FROM "gtfs_stop_times" AS g0 []
[90m↳ anonymous fn/1 in HexaRail.Simulation.Engine.build_and_freeze_stig/2, at: lib/hexarail/simulation/engine.ex:97[0m

21:39:58.275 [info] [IGNITION] 72% - Ingesting Schedule Matrix: 72%

21:39:58.353 [debug] QUERY OK source="gtfs_stop_times" db=73.4ms decode=4.5ms
SELECT g0."trip_id", g0."arrival_time", g0."departure_time", g0."stop_id", g0."stop_sequence", g0."pickup_type", g0."drop_off_type" FROM "gtfs_stop_times" AS g0 []
[90m↳ anonymous fn/1 in HexaRail.Simulation.Engine.build_and_freeze_stig/2, at: lib/hexarail/simulation/engine.ex:97[0m

21:39:58.508 [info] [IGNITION] 72% - Ingesting Schedule Matrix: 72%

21:39:58.589 [debug] QUERY OK source="gtfs_stop_times" db=75.6ms decode=5.7ms
SELECT g0."trip_id", g0."arrival_time", g0."departure_time", g0."stop_id", g0."stop_sequence", g0."pickup_type", g0."drop_off_type" FROM "gtfs_stop_times" AS g0 []
[90m↳ anonymous fn/1 in HexaRail.Simulation.Engine.build_and_freeze_stig/2, at: lib/hexarail/simulation/engine.ex:97[0m

21:39:58.723 [info] [IGNITION] 73% - Ingesting Schedule Matrix: 73%

21:39:58.801 [debug] QUERY OK source="gtfs_stop_times" db=74.4ms decode=3.9ms
SELECT g0."trip_id", g0."arrival_time", g0."departure_time", g0."stop_id", g0."stop_sequence", g0."pickup_type", g0."drop_off_type" FROM "gtfs_stop_times" AS g0 []
[90m↳ anonymous fn/1 in HexaRail.Simulation.Engine.build_and_freeze_stig/2, at: lib/hexarail/simulation/engine.ex:97[0m

21:39:58.926 [info] [IGNITION] 73% - Ingesting Schedule Matrix: 73%

21:39:59.007 [debug] QUERY OK source="gtfs_stop_times" db=76.7ms decode=3.9ms
SELECT g0."trip_id", g0."arrival_time", g0."departure_time", g0."stop_id", g0."stop_sequence", g0."pickup_type", g0."drop_off_type" FROM "gtfs_stop_times" AS g0 []
[90m↳ anonymous fn/1 in HexaRail.Simulation.Engine.build_and_freeze_stig/2, at: lib/hexarail/simulation/engine.ex:97[0m

21:39:59.132 [info] [IGNITION] 73% - Ingesting Schedule Matrix: 73%

21:39:59.209 [debug] QUERY OK source="gtfs_stop_times" db=72.6ms decode=4.6ms
SELECT g0."trip_id", g0."arrival_time", g0."departure_time", g0."stop_id", g0."stop_sequence", g0."pickup_type", g0."drop_off_type" FROM "gtfs_stop_times" AS g0 []
[90m↳ anonymous fn/1 in HexaRail.Simulation.Engine.build_and_freeze_stig/2, at: lib/hexarail/simulation/engine.ex:97[0m

21:39:59.342 [info] [IGNITION] 73% - Ingesting Schedule Matrix: 73%

21:39:59.422 [debug] QUERY OK source="gtfs_stop_times" db=75.7ms decode=3.9ms
SELECT g0."trip_id", g0."arrival_time", g0."departure_time", g0."stop_id", g0."stop_sequence", g0."pickup_type", g0."drop_off_type" FROM "gtfs_stop_times" AS g0 []
[90m↳ anonymous fn/1 in HexaRail.Simulation.Engine.build_and_freeze_stig/2, at: lib/hexarail/simulation/engine.ex:97[0m

21:39:59.554 [info] [IGNITION] 74% - Ingesting Schedule Matrix: 74%

21:39:59.633 [debug] QUERY OK source="gtfs_stop_times" db=74.0ms decode=5.5ms
SELECT g0."trip_id", g0."arrival_time", g0."departure_time", g0."stop_id", g0."stop_sequence", g0."pickup_type", g0."drop_off_type" FROM "gtfs_stop_times" AS g0 []
[90m↳ anonymous fn/1 in HexaRail.Simulation.Engine.build_and_freeze_stig/2, at: lib/hexarail/simulation/engine.ex:97[0m

21:39:59.765 [info] [IGNITION] 74% - Ingesting Schedule Matrix: 74%

21:39:59.848 [debug] QUERY OK source="gtfs_stop_times" db=78.1ms decode=4.8ms
SELECT g0."trip_id", g0."arrival_time", g0."departure_time", g0."stop_id", g0."stop_sequence", g0."pickup_type", g0."drop_off_type" FROM "gtfs_stop_times" AS g0 []
[90m↳ anonymous fn/1 in HexaRail.Simulation.Engine.build_and_freeze_stig/2, at: lib/hexarail/simulation/engine.ex:97[0m

21:39:59.973 [info] [IGNITION] 74% - Ingesting Schedule Matrix: 74%

21:40:00.049 [debug] QUERY OK source="gtfs_stop_times" db=72.6ms decode=3.6ms
SELECT g0."trip_id", g0."arrival_time", g0."departure_time", g0."stop_id", g0."stop_sequence", g0."pickup_type", g0."drop_off_type" FROM "gtfs_stop_times" AS g0 []
[90m↳ anonymous fn/1 in HexaRail.Simulation.Engine.build_and_freeze_stig/2, at: lib/hexarail/simulation/engine.ex:97[0m

21:40:00.174 [info] [IGNITION] 74% - Ingesting Schedule Matrix: 74%

21:40:00.251 [debug] QUERY OK source="gtfs_stop_times" db=73.4ms decode=3.4ms
SELECT g0."trip_id", g0."arrival_time", g0."departure_time", g0."stop_id", g0."stop_sequence", g0."pickup_type", g0."drop_off_type" FROM "gtfs_stop_times" AS g0 []
[90m↳ anonymous fn/1 in HexaRail.Simulation.Engine.build_and_freeze_stig/2, at: lib/hexarail/simulation/engine.ex:97[0m

21:40:00.375 [info] [IGNITION] 75% - Ingesting Schedule Matrix: 75%

21:40:00.452 [debug] QUERY OK source="gtfs_stop_times" db=73.5ms decode=3.9ms
SELECT g0."trip_id", g0."arrival_time", g0."departure_time", g0."stop_id", g0."stop_sequence", g0."pickup_type", g0."drop_off_type" FROM "gtfs_stop_times" AS g0 []
[90m↳ anonymous fn/1 in HexaRail.Simulation.Engine.build_and_freeze_stig/2, at: lib/hexarail/simulation/engine.ex:97[0m

21:40:00.582 [info] [IGNITION] 75% - Ingesting Schedule Matrix: 75%

21:40:00.670 [debug] QUERY OK source="gtfs_stop_times" db=82.7ms decode=4.2ms
SELECT g0."trip_id", g0."arrival_time", g0."departure_time", g0."stop_id", g0."stop_sequence", g0."pickup_type", g0."drop_off_type" FROM "gtfs_stop_times" AS g0 []
[90m↳ anonymous fn/1 in HexaRail.Simulation.Engine.build_and_freeze_stig/2, at: lib/hexarail/simulation/engine.ex:97[0m

21:40:00.807 [info] [IGNITION] 75% - Ingesting Schedule Matrix: 75%

21:40:00.886 [debug] QUERY OK source="gtfs_stop_times" db=72.5ms decode=5.9ms
SELECT g0."trip_id", g0."arrival_time", g0."departure_time", g0."stop_id", g0."stop_sequence", g0."pickup_type", g0."drop_off_type" FROM "gtfs_stop_times" AS g0 []
[90m↳ anonymous fn/1 in HexaRail.Simulation.Engine.build_and_freeze_stig/2, at: lib/hexarail/simulation/engine.ex:97[0m

21:40:01.015 [info] [IGNITION] 75% - Ingesting Schedule Matrix: 75%

21:40:01.092 [debug] QUERY OK source="gtfs_stop_times" db=72.6ms decode=3.4ms
SELECT g0."trip_id", g0."arrival_time", g0."departure_time", g0."stop_id", g0."stop_sequence", g0."pickup_type", g0."drop_off_type" FROM "gtfs_stop_times" AS g0 []
[90m↳ anonymous fn/1 in HexaRail.Simulation.Engine.build_and_freeze_stig/2, at: lib/hexarail/simulation/engine.ex:97[0m

21:40:01.218 [info] [IGNITION] 76% - Ingesting Schedule Matrix: 76%

21:40:01.293 [debug] QUERY OK source="gtfs_stop_times" db=71.8ms decode=3.3ms
SELECT g0."trip_id", g0."arrival_time", g0."departure_time", g0."stop_id", g0."stop_sequence", g0."pickup_type", g0."drop_off_type" FROM "gtfs_stop_times" AS g0 []
[90m↳ anonymous fn/1 in HexaRail.Simulation.Engine.build_and_freeze_stig/2, at: lib/hexarail/simulation/engine.ex:97[0m

21:40:01.417 [info] [IGNITION] 76% - Ingesting Schedule Matrix: 76%

21:40:01.499 [debug] QUERY OK source="gtfs_stop_times" db=76.9ms decode=4.1ms
SELECT g0."trip_id", g0."arrival_time", g0."departure_time", g0."stop_id", g0."stop_sequence", g0."pickup_type", g0."drop_off_type" FROM "gtfs_stop_times" AS g0 []
[90m↳ anonymous fn/1 in HexaRail.Simulation.Engine.build_and_freeze_stig/2, at: lib/hexarail/simulation/engine.ex:97[0m

21:40:01.631 [info] [IGNITION] 76% - Ingesting Schedule Matrix: 76%

21:40:01.716 [debug] QUERY OK source="gtfs_stop_times" db=78.5ms decode=6.0ms
SELECT g0."trip_id", g0."arrival_time", g0."departure_time", g0."stop_id", g0."stop_sequence", g0."pickup_type", g0."drop_off_type" FROM "gtfs_stop_times" AS g0 []
[90m↳ anonymous fn/1 in HexaRail.Simulation.Engine.build_and_freeze_stig/2, at: lib/hexarail/simulation/engine.ex:97[0m

21:40:01.847 [info] [IGNITION] 77% - Ingesting Schedule Matrix: 77%

21:40:01.928 [debug] QUERY OK source="gtfs_stop_times" db=74.5ms decode=6.4ms
SELECT g0."trip_id", g0."arrival_time", g0."departure_time", g0."stop_id", g0."stop_sequence", g0."pickup_type", g0."drop_off_type" FROM "gtfs_stop_times" AS g0 []
[90m↳ anonymous fn/1 in HexaRail.Simulation.Engine.build_and_freeze_stig/2, at: lib/hexarail/simulation/engine.ex:97[0m

21:40:02.057 [info] [IGNITION] 77% - Ingesting Schedule Matrix: 77%

21:40:02.134 [debug] QUERY OK source="gtfs_stop_times" db=72.7ms decode=4.0ms
SELECT g0."trip_id", g0."arrival_time", g0."departure_time", g0."stop_id", g0."stop_sequence", g0."pickup_type", g0."drop_off_type" FROM "gtfs_stop_times" AS g0 []
[90m↳ anonymous fn/1 in HexaRail.Simulation.Engine.build_and_freeze_stig/2, at: lib/hexarail/simulation/engine.ex:97[0m

21:40:02.257 [info] [IGNITION] 77% - Ingesting Schedule Matrix: 77%

21:40:02.347 [debug] QUERY OK source="gtfs_stop_times" db=83.0ms decode=7.2ms
SELECT g0."trip_id", g0."arrival_time", g0."departure_time", g0."stop_id", g0."stop_sequence", g0."pickup_type", g0."drop_off_type" FROM "gtfs_stop_times" AS g0 []
[90m↳ anonymous fn/1 in HexaRail.Simulation.Engine.build_and_freeze_stig/2, at: lib/hexarail/simulation/engine.ex:97[0m

21:40:02.485 [info] [IGNITION] 77% - Ingesting Schedule Matrix: 77%

21:40:02.567 [debug] QUERY OK source="gtfs_stop_times" db=76.4ms decode=4.8ms
SELECT g0."trip_id", g0."arrival_time", g0."departure_time", g0."stop_id", g0."stop_sequence", g0."pickup_type", g0."drop_off_type" FROM "gtfs_stop_times" AS g0 []
[90m↳ anonymous fn/1 in HexaRail.Simulation.Engine.build_and_freeze_stig/2, at: lib/hexarail/simulation/engine.ex:97[0m

21:40:02.702 [info] [IGNITION] 78% - Ingesting Schedule Matrix: 78%

21:40:02.779 [debug] QUERY OK source="gtfs_stop_times" db=72.6ms decode=4.1ms
SELECT g0."trip_id", g0."arrival_time", g0."departure_time", g0."stop_id", g0."stop_sequence", g0."pickup_type", g0."drop_off_type" FROM "gtfs_stop_times" AS g0 []
[90m↳ anonymous fn/1 in HexaRail.Simulation.Engine.build_and_freeze_stig/2, at: lib/hexarail/simulation/engine.ex:97[0m

21:40:02.904 [info] [IGNITION] 78% - Ingesting Schedule Matrix: 78%

21:40:02.981 [debug] QUERY OK source="gtfs_stop_times" db=72.3ms decode=4.9ms
SELECT g0."trip_id", g0."arrival_time", g0."departure_time", g0."stop_id", g0."stop_sequence", g0."pickup_type", g0."drop_off_type" FROM "gtfs_stop_times" AS g0 []
[90m↳ anonymous fn/1 in HexaRail.Simulation.Engine.build_and_freeze_stig/2, at: lib/hexarail/simulation/engine.ex:97[0m

21:40:03.109 [info] [IGNITION] 78% - Ingesting Schedule Matrix: 78%

21:40:03.189 [debug] QUERY OK source="gtfs_stop_times" db=72.0ms decode=7.7ms
SELECT g0."trip_id", g0."arrival_time", g0."departure_time", g0."stop_id", g0."stop_sequence", g0."pickup_type", g0."drop_off_type" FROM "gtfs_stop_times" AS g0 []
[90m↳ anonymous fn/1 in HexaRail.Simulation.Engine.build_and_freeze_stig/2, at: lib/hexarail/simulation/engine.ex:97[0m

21:40:03.393 [info] [IGNITION] 78% - Ingesting Schedule Matrix: 78%

21:40:03.469 [debug] QUERY OK source="gtfs_stop_times" db=71.8ms decode=3.9ms
SELECT g0."trip_id", g0."arrival_time", g0."departure_time", g0."stop_id", g0."stop_sequence", g0."pickup_type", g0."drop_off_type" FROM "gtfs_stop_times" AS g0 []
[90m↳ anonymous fn/1 in HexaRail.Simulation.Engine.build_and_freeze_stig/2, at: lib/hexarail/simulation/engine.ex:97[0m

21:40:03.601 [info] [IGNITION] 79% - Ingesting Schedule Matrix: 79%

21:40:03.677 [debug] QUERY OK source="gtfs_stop_times" db=71.7ms decode=3.5ms
SELECT g0."trip_id", g0."arrival_time", g0."departure_time", g0."stop_id", g0."stop_sequence", g0."pickup_type", g0."drop_off_type" FROM "gtfs_stop_times" AS g0 []
[90m↳ anonymous fn/1 in HexaRail.Simulation.Engine.build_and_freeze_stig/2, at: lib/hexarail/simulation/engine.ex:97[0m

21:40:03.813 [info] [IGNITION] 79% - Ingesting Schedule Matrix: 79%

21:40:03.894 [debug] QUERY OK source="gtfs_stop_times" db=75.6ms decode=5.5ms
SELECT g0."trip_id", g0."arrival_time", g0."departure_time", g0."stop_id", g0."stop_sequence", g0."pickup_type", g0."drop_off_type" FROM "gtfs_stop_times" AS g0 []
[90m↳ anonymous fn/1 in HexaRail.Simulation.Engine.build_and_freeze_stig/2, at: lib/hexarail/simulation/engine.ex:97[0m

21:40:04.023 [info] [IGNITION] 79% - Ingesting Schedule Matrix: 79%

21:40:04.100 [debug] QUERY OK source="gtfs_stop_times" db=72.9ms decode=3.7ms
SELECT g0."trip_id", g0."arrival_time", g0."departure_time", g0."stop_id", g0."stop_sequence", g0."pickup_type", g0."drop_off_type" FROM "gtfs_stop_times" AS g0 []
[90m↳ anonymous fn/1 in HexaRail.Simulation.Engine.build_and_freeze_stig/2, at: lib/hexarail/simulation/engine.ex:97[0m

21:40:04.236 [info] [IGNITION] 79% - Ingesting Schedule Matrix: 79%

21:40:04.312 [debug] QUERY OK source="gtfs_stop_times" db=71.7ms decode=3.9ms
SELECT g0."trip_id", g0."arrival_time", g0."departure_time", g0."stop_id", g0."stop_sequence", g0."pickup_type", g0."drop_off_type" FROM "gtfs_stop_times" AS g0 []
[90m↳ anonymous fn/1 in HexaRail.Simulation.Engine.build_and_freeze_stig/2, at: lib/hexarail/simulation/engine.ex:97[0m

21:40:04.443 [info] [IGNITION] 80% - Ingesting Schedule Matrix: 80%

21:40:04.524 [debug] QUERY OK source="gtfs_stop_times" db=76.1ms decode=5.3ms
SELECT g0."trip_id", g0."arrival_time", g0."departure_time", g0."stop_id", g0."stop_sequence", g0."pickup_type", g0."drop_off_type" FROM "gtfs_stop_times" AS g0 []
[90m↳ anonymous fn/1 in HexaRail.Simulation.Engine.build_and_freeze_stig/2, at: lib/hexarail/simulation/engine.ex:97[0m

21:40:04.661 [info] [IGNITION] 80% - Ingesting Schedule Matrix: 80%

21:40:04.740 [debug] QUERY OK source="gtfs_stop_times" db=75.5ms decode=3.7ms
SELECT g0."trip_id", g0."arrival_time", g0."departure_time", g0."stop_id", g0."stop_sequence", g0."pickup_type", g0."drop_off_type" FROM "gtfs_stop_times" AS g0 []
[90m↳ anonymous fn/1 in HexaRail.Simulation.Engine.build_and_freeze_stig/2, at: lib/hexarail/simulation/engine.ex:97[0m

21:40:04.865 [info] [IGNITION] 80% - Ingesting Schedule Matrix: 80%

21:40:04.944 [debug] QUERY OK source="gtfs_stop_times" db=73.9ms decode=4.8ms
SELECT g0."trip_id", g0."arrival_time", g0."departure_time", g0."stop_id", g0."stop_sequence", g0."pickup_type", g0."drop_off_type" FROM "gtfs_stop_times" AS g0 []
[90m↳ anonymous fn/1 in HexaRail.Simulation.Engine.build_and_freeze_stig/2, at: lib/hexarail/simulation/engine.ex:97[0m

21:40:05.072 [info] [IGNITION] 80% - Ingesting Schedule Matrix: 80%

21:40:05.152 [debug] QUERY OK source="gtfs_stop_times" db=72.6ms decode=7.1ms
SELECT g0."trip_id", g0."arrival_time", g0."departure_time", g0."stop_id", g0."stop_sequence", g0."pickup_type", g0."drop_off_type" FROM "gtfs_stop_times" AS g0 []
[90m↳ anonymous fn/1 in HexaRail.Simulation.Engine.build_and_freeze_stig/2, at: lib/hexarail/simulation/engine.ex:97[0m

21:40:05.279 [info] [IGNITION] 81% - Ingesting Schedule Matrix: 81%

21:40:05.355 [debug] QUERY OK source="gtfs_stop_times" db=72.2ms decode=3.2ms
SELECT g0."trip_id", g0."arrival_time", g0."departure_time", g0."stop_id", g0."stop_sequence", g0."pickup_type", g0."drop_off_type" FROM "gtfs_stop_times" AS g0 []
[90m↳ anonymous fn/1 in HexaRail.Simulation.Engine.build_and_freeze_stig/2, at: lib/hexarail/simulation/engine.ex:97[0m

21:40:05.476 [info] [IGNITION] 81% - Ingesting Schedule Matrix: 81%

21:40:05.556 [debug] QUERY OK source="gtfs_stop_times" db=75.7ms decode=3.9ms
SELECT g0."trip_id", g0."arrival_time", g0."departure_time", g0."stop_id", g0."stop_sequence", g0."pickup_type", g0."drop_off_type" FROM "gtfs_stop_times" AS g0 []
[90m↳ anonymous fn/1 in HexaRail.Simulation.Engine.build_and_freeze_stig/2, at: lib/hexarail/simulation/engine.ex:97[0m

21:40:05.681 [info] [IGNITION] 81% - Ingesting Schedule Matrix: 81%

21:40:05.775 [debug] QUERY OK source="gtfs_stop_times" db=88.7ms decode=4.4ms
SELECT g0."trip_id", g0."arrival_time", g0."departure_time", g0."stop_id", g0."stop_sequence", g0."pickup_type", g0."drop_off_type" FROM "gtfs_stop_times" AS g0 []
[90m↳ anonymous fn/1 in HexaRail.Simulation.Engine.build_and_freeze_stig/2, at: lib/hexarail/simulation/engine.ex:97[0m

21:40:05.913 [info] [IGNITION] 81% - Ingesting Schedule Matrix: 81%

21:40:05.996 [debug] QUERY OK source="gtfs_stop_times" db=75.5ms decode=6.9ms
SELECT g0."trip_id", g0."arrival_time", g0."departure_time", g0."stop_id", g0."stop_sequence", g0."pickup_type", g0."drop_off_type" FROM "gtfs_stop_times" AS g0 []
[90m↳ anonymous fn/1 in HexaRail.Simulation.Engine.build_and_freeze_stig/2, at: lib/hexarail/simulation/engine.ex:97[0m

21:40:06.132 [info] [IGNITION] 82% - Ingesting Schedule Matrix: 82%

21:40:06.212 [debug] QUERY OK source="gtfs_stop_times" db=73.2ms decode=6.5ms
SELECT g0."trip_id", g0."arrival_time", g0."departure_time", g0."stop_id", g0."stop_sequence", g0."pickup_type", g0."drop_off_type" FROM "gtfs_stop_times" AS g0 []
[90m↳ anonymous fn/1 in HexaRail.Simulation.Engine.build_and_freeze_stig/2, at: lib/hexarail/simulation/engine.ex:97[0m

21:40:06.342 [info] [IGNITION] 82% - Ingesting Schedule Matrix: 82%

21:40:06.425 [debug] QUERY OK source="gtfs_stop_times" db=77.9ms decode=4.7ms
SELECT g0."trip_id", g0."arrival_time", g0."departure_time", g0."stop_id", g0."stop_sequence", g0."pickup_type", g0."drop_off_type" FROM "gtfs_stop_times" AS g0 []
[90m↳ anonymous fn/1 in HexaRail.Simulation.Engine.build_and_freeze_stig/2, at: lib/hexarail/simulation/engine.ex:97[0m

21:40:06.557 [info] [IGNITION] 82% - Ingesting Schedule Matrix: 82%

21:40:06.641 [debug] QUERY OK source="gtfs_stop_times" db=77.1ms decode=6.0ms
SELECT g0."trip_id", g0."arrival_time", g0."departure_time", g0."stop_id", g0."stop_sequence", g0."pickup_type", g0."drop_off_type" FROM "gtfs_stop_times" AS g0 []
[90m↳ anonymous fn/1 in HexaRail.Simulation.Engine.build_and_freeze_stig/2, at: lib/hexarail/simulation/engine.ex:97[0m

21:40:06.778 [info] [IGNITION] 83% - Ingesting Schedule Matrix: 83%

21:40:06.847 [debug] QUERY OK source="gtfs_stop_times" db=65.5ms decode=3.4ms
SELECT g0."trip_id", g0."arrival_time", g0."departure_time", g0."stop_id", g0."stop_sequence", g0."pickup_type", g0."drop_off_type" FROM "gtfs_stop_times" AS g0 []
[90m↳ anonymous fn/1 in HexaRail.Simulation.Engine.build_and_freeze_stig/2, at: lib/hexarail/simulation/engine.ex:97[0m

21:40:07.017 [info] [IGNITION] 83% - Ingesting Schedule Matrix: 83%

21:40:07.055 [debug] QUERY OK source="gtfs_stop_times" db=35.6ms decode=2.5ms
SELECT g0."trip_id", g0."arrival_time", g0."departure_time", g0."stop_id", g0."stop_sequence", g0."pickup_type", g0."drop_off_type" FROM "gtfs_stop_times" AS g0 []
[90m↳ anonymous fn/1 in HexaRail.Simulation.Engine.build_and_freeze_stig/2, at: lib/hexarail/simulation/engine.ex:97[0m

21:40:07.211 [info] [IGNITION] 83% - Ingesting Schedule Matrix: 83%

21:40:07.258 [debug] QUERY OK source="gtfs_stop_times" db=43.1ms decode=3.9ms
SELECT g0."trip_id", g0."arrival_time", g0."departure_time", g0."stop_id", g0."stop_sequence", g0."pickup_type", g0."drop_off_type" FROM "gtfs_stop_times" AS g0 []
[90m↳ anonymous fn/1 in HexaRail.Simulation.Engine.build_and_freeze_stig/2, at: lib/hexarail/simulation/engine.ex:97[0m

21:40:07.375 [info] [IGNITION] 83% - Ingesting Schedule Matrix: 83%

21:40:07.450 [debug] QUERY OK source="gtfs_stop_times" db=68.7ms decode=6.0ms
SELECT g0."trip_id", g0."arrival_time", g0."departure_time", g0."stop_id", g0."stop_sequence", g0."pickup_type", g0."drop_off_type" FROM "gtfs_stop_times" AS g0 []
[90m↳ anonymous fn/1 in HexaRail.Simulation.Engine.build_and_freeze_stig/2, at: lib/hexarail/simulation/engine.ex:97[0m

21:40:07.606 [info] [IGNITION] 84% - Ingesting Schedule Matrix: 84%

21:40:07.680 [debug] QUERY OK source="gtfs_stop_times" db=70.2ms decode=3.7ms
SELECT g0."trip_id", g0."arrival_time", g0."departure_time", g0."stop_id", g0."stop_sequence", g0."pickup_type", g0."drop_off_type" FROM "gtfs_stop_times" AS g0 []
[90m↳ anonymous fn/1 in HexaRail.Simulation.Engine.build_and_freeze_stig/2, at: lib/hexarail/simulation/engine.ex:97[0m

21:40:07.811 [info] [IGNITION] 84% - Ingesting Schedule Matrix: 84%

21:40:07.891 [debug] QUERY OK source="gtfs_stop_times" db=73.2ms decode=6.5ms
SELECT g0."trip_id", g0."arrival_time", g0."departure_time", g0."stop_id", g0."stop_sequence", g0."pickup_type", g0."drop_off_type" FROM "gtfs_stop_times" AS g0 []
[90m↳ anonymous fn/1 in HexaRail.Simulation.Engine.build_and_freeze_stig/2, at: lib/hexarail/simulation/engine.ex:97[0m

21:40:08.030 [info] [IGNITION] 84% - Ingesting Schedule Matrix: 84%

21:40:08.110 [debug] QUERY OK source="gtfs_stop_times" db=75.9ms decode=4.2ms
SELECT g0."trip_id", g0."arrival_time", g0."departure_time", g0."stop_id", g0."stop_sequence", g0."pickup_type", g0."drop_off_type" FROM "gtfs_stop_times" AS g0 []
[90m↳ anonymous fn/1 in HexaRail.Simulation.Engine.build_and_freeze_stig/2, at: lib/hexarail/simulation/engine.ex:97[0m

21:40:08.244 [info] [IGNITION] 84% - Ingesting Schedule Matrix: 84%

21:40:08.322 [debug] QUERY OK source="gtfs_stop_times" db=74.0ms decode=3.9ms
SELECT g0."trip_id", g0."arrival_time", g0."departure_time", g0."stop_id", g0."stop_sequence", g0."pickup_type", g0."drop_off_type" FROM "gtfs_stop_times" AS g0 []
[90m↳ anonymous fn/1 in HexaRail.Simulation.Engine.build_and_freeze_stig/2, at: lib/hexarail/simulation/engine.ex:97[0m

21:40:08.460 [info] [IGNITION] 85% - Ingesting Schedule Matrix: 85%

21:40:08.541 [debug] QUERY OK source="gtfs_stop_times" db=78.1ms decode=3.4ms
SELECT g0."trip_id", g0."arrival_time", g0."departure_time", g0."stop_id", g0."stop_sequence", g0."pickup_type", g0."drop_off_type" FROM "gtfs_stop_times" AS g0 []
[90m↳ anonymous fn/1 in HexaRail.Simulation.Engine.build_and_freeze_stig/2, at: lib/hexarail/simulation/engine.ex:97[0m

21:40:08.677 [info] [IGNITION] 85% - Ingesting Schedule Matrix: 85%

21:40:08.750 [debug] QUERY OK source="gtfs_stop_times" db=69.0ms decode=3.8ms
SELECT g0."trip_id", g0."arrival_time", g0."departure_time", g0."stop_id", g0."stop_sequence", g0."pickup_type", g0."drop_off_type" FROM "gtfs_stop_times" AS g0 []
[90m↳ anonymous fn/1 in HexaRail.Simulation.Engine.build_and_freeze_stig/2, at: lib/hexarail/simulation/engine.ex:97[0m

21:40:08.881 [info] [IGNITION] 85% - Ingesting Schedule Matrix: 85%

21:40:08.960 [debug] QUERY OK source="gtfs_stop_times" db=75.2ms decode=3.9ms
SELECT g0."trip_id", g0."arrival_time", g0."departure_time", g0."stop_id", g0."stop_sequence", g0."pickup_type", g0."drop_off_type" FROM "gtfs_stop_times" AS g0 []
[90m↳ anonymous fn/1 in HexaRail.Simulation.Engine.build_and_freeze_stig/2, at: lib/hexarail/simulation/engine.ex:97[0m

21:40:09.087 [info] [IGNITION] 85% - Ingesting Schedule Matrix: 85%

21:40:09.163 [debug] QUERY OK source="gtfs_stop_times" db=71.9ms decode=3.9ms
SELECT g0."trip_id", g0."arrival_time", g0."departure_time", g0."stop_id", g0."stop_sequence", g0."pickup_type", g0."drop_off_type" FROM "gtfs_stop_times" AS g0 []
[90m↳ anonymous fn/1 in HexaRail.Simulation.Engine.build_and_freeze_stig/2, at: lib/hexarail/simulation/engine.ex:97[0m

21:40:09.289 [info] [IGNITION] 86% - Ingesting Schedule Matrix: 86%

21:40:09.369 [debug] QUERY OK source="gtfs_stop_times" db=75.0ms decode=4.4ms
SELECT g0."trip_id", g0."arrival_time", g0."departure_time", g0."stop_id", g0."stop_sequence", g0."pickup_type", g0."drop_off_type" FROM "gtfs_stop_times" AS g0 []
[90m↳ anonymous fn/1 in HexaRail.Simulation.Engine.build_and_freeze_stig/2, at: lib/hexarail/simulation/engine.ex:97[0m

21:40:09.501 [info] [IGNITION] 86% - Ingesting Schedule Matrix: 86%

21:40:09.590 [debug] QUERY OK source="gtfs_stop_times" db=84.3ms decode=4.4ms
SELECT g0."trip_id", g0."arrival_time", g0."departure_time", g0."stop_id", g0."stop_sequence", g0."pickup_type", g0."drop_off_type" FROM "gtfs_stop_times" AS g0 []
[90m↳ anonymous fn/1 in HexaRail.Simulation.Engine.build_and_freeze_stig/2, at: lib/hexarail/simulation/engine.ex:97[0m

21:40:09.772 [info] [IGNITION] 86% - Ingesting Schedule Matrix: 86%

21:40:09.843 [debug] QUERY OK source="gtfs_stop_times" db=66.0ms decode=5.1ms
SELECT g0."trip_id", g0."arrival_time", g0."departure_time", g0."stop_id", g0."stop_sequence", g0."pickup_type", g0."drop_off_type" FROM "gtfs_stop_times" AS g0 []
[90m↳ anonymous fn/1 in HexaRail.Simulation.Engine.build_and_freeze_stig/2, at: lib/hexarail/simulation/engine.ex:97[0m

21:40:09.946 [info] [IGNITION] 86% - Ingesting Schedule Matrix: 86%

21:40:10.030 [debug] QUERY OK source="gtfs_stop_times" db=79.1ms decode=4.4ms
SELECT g0."trip_id", g0."arrival_time", g0."departure_time", g0."stop_id", g0."stop_sequence", g0."pickup_type", g0."drop_off_type" FROM "gtfs_stop_times" AS g0 []
[90m↳ anonymous fn/1 in HexaRail.Simulation.Engine.build_and_freeze_stig/2, at: lib/hexarail/simulation/engine.ex:97[0m

21:40:10.170 [info] [IGNITION] 87% - Ingesting Schedule Matrix: 87%

21:40:10.258 [debug] QUERY OK source="gtfs_stop_times" db=82.2ms decode=6.1ms
SELECT g0."trip_id", g0."arrival_time", g0."departure_time", g0."stop_id", g0."stop_sequence", g0."pickup_type", g0."drop_off_type" FROM "gtfs_stop_times" AS g0 []
[90m↳ anonymous fn/1 in HexaRail.Simulation.Engine.build_and_freeze_stig/2, at: lib/hexarail/simulation/engine.ex:97[0m

21:40:10.393 [info] [IGNITION] 87% - Ingesting Schedule Matrix: 87%

21:40:10.474 [debug] QUERY OK source="gtfs_stop_times" db=75.7ms decode=5.0ms
SELECT g0."trip_id", g0."arrival_time", g0."departure_time", g0."stop_id", g0."stop_sequence", g0."pickup_type", g0."drop_off_type" FROM "gtfs_stop_times" AS g0 []
[90m↳ anonymous fn/1 in HexaRail.Simulation.Engine.build_and_freeze_stig/2, at: lib/hexarail/simulation/engine.ex:97[0m

21:40:10.602 [info] [IGNITION] 87% - Ingesting Schedule Matrix: 87%

21:40:10.689 [debug] QUERY OK source="gtfs_stop_times" db=80.2ms decode=6.8ms
SELECT g0."trip_id", g0."arrival_time", g0."departure_time", g0."stop_id", g0."stop_sequence", g0."pickup_type", g0."drop_off_type" FROM "gtfs_stop_times" AS g0 []
[90m↳ anonymous fn/1 in HexaRail.Simulation.Engine.build_and_freeze_stig/2, at: lib/hexarail/simulation/engine.ex:97[0m

21:40:10.825 [info] [IGNITION] 87% - Ingesting Schedule Matrix: 87%

21:40:10.905 [debug] QUERY OK source="gtfs_stop_times" db=75.0ms decode=3.9ms
SELECT g0."trip_id", g0."arrival_time", g0."departure_time", g0."stop_id", g0."stop_sequence", g0."pickup_type", g0."drop_off_type" FROM "gtfs_stop_times" AS g0 []
[90m↳ anonymous fn/1 in HexaRail.Simulation.Engine.build_and_freeze_stig/2, at: lib/hexarail/simulation/engine.ex:97[0m

21:40:11.054 [info] [IGNITION] 88% - Ingesting Schedule Matrix: 88%

21:40:11.138 [debug] QUERY OK source="gtfs_stop_times" db=79.9ms decode=4.4ms
SELECT g0."trip_id", g0."arrival_time", g0."departure_time", g0."stop_id", g0."stop_sequence", g0."pickup_type", g0."drop_off_type" FROM "gtfs_stop_times" AS g0 []
[90m↳ anonymous fn/1 in HexaRail.Simulation.Engine.build_and_freeze_stig/2, at: lib/hexarail/simulation/engine.ex:97[0m

21:40:11.289 [info] [IGNITION] 88% - Ingesting Schedule Matrix: 88%

21:40:11.369 [debug] QUERY OK source="gtfs_stop_times" db=75.7ms decode=4.0ms
SELECT g0."trip_id", g0."arrival_time", g0."departure_time", g0."stop_id", g0."stop_sequence", g0."pickup_type", g0."drop_off_type" FROM "gtfs_stop_times" AS g0 []
[90m↳ anonymous fn/1 in HexaRail.Simulation.Engine.build_and_freeze_stig/2, at: lib/hexarail/simulation/engine.ex:97[0m

21:40:11.522 [info] [IGNITION] 88% - Ingesting Schedule Matrix: 88%

21:40:11.611 [debug] QUERY OK source="gtfs_stop_times" db=82.3ms decode=5.3ms
SELECT g0."trip_id", g0."arrival_time", g0."departure_time", g0."stop_id", g0."stop_sequence", g0."pickup_type", g0."drop_off_type" FROM "gtfs_stop_times" AS g0 []
[90m↳ anonymous fn/1 in HexaRail.Simulation.Engine.build_and_freeze_stig/2, at: lib/hexarail/simulation/engine.ex:97[0m

21:40:11.766 [info] [IGNITION] 89% - Ingesting Schedule Matrix: 89%

21:40:11.854 [debug] QUERY OK source="gtfs_stop_times" db=83.5ms decode=4.7ms
SELECT g0."trip_id", g0."arrival_time", g0."departure_time", g0."stop_id", g0."stop_sequence", g0."pickup_type", g0."drop_off_type" FROM "gtfs_stop_times" AS g0 []
[90m↳ anonymous fn/1 in HexaRail.Simulation.Engine.build_and_freeze_stig/2, at: lib/hexarail/simulation/engine.ex:97[0m

21:40:12.020 [info] [IGNITION] 89% - Ingesting Schedule Matrix: 89%

21:40:12.084 [debug] QUERY OK source="gtfs_stop_times" db=56.9ms decode=6.7ms
SELECT g0."trip_id", g0."arrival_time", g0."departure_time", g0."stop_id", g0."stop_sequence", g0."pickup_type", g0."drop_off_type" FROM "gtfs_stop_times" AS g0 []
[90m↳ anonymous fn/1 in HexaRail.Simulation.Engine.build_and_freeze_stig/2, at: lib/hexarail/simulation/engine.ex:97[0m

21:40:12.250 [info] [IGNITION] 89% - Ingesting Schedule Matrix: 89%

21:40:12.300 [debug] QUERY OK source="gtfs_stop_times" db=44.7ms decode=5.2ms
SELECT g0."trip_id", g0."arrival_time", g0."departure_time", g0."stop_id", g0."stop_sequence", g0."pickup_type", g0."drop_off_type" FROM "gtfs_stop_times" AS g0 []
[90m↳ anonymous fn/1 in HexaRail.Simulation.Engine.build_and_freeze_stig/2, at: lib/hexarail/simulation/engine.ex:97[0m

21:40:12.462 [info] [IGNITION] 89% - Ingesting Schedule Matrix: 89%

21:40:12.511 [debug] QUERY OK source="gtfs_stop_times" db=43.2ms decode=5.2ms
SELECT g0."trip_id", g0."arrival_time", g0."departure_time", g0."stop_id", g0."stop_sequence", g0."pickup_type", g0."drop_off_type" FROM "gtfs_stop_times" AS g0 []
[90m↳ anonymous fn/1 in HexaRail.Simulation.Engine.build_and_freeze_stig/2, at: lib/hexarail/simulation/engine.ex:97[0m

21:40:12.640 [info] [IGNITION] 90% - Ingesting Schedule Matrix: 90%

21:40:12.687 [debug] QUERY OK source="gtfs_stop_times" db=45.1ms decode=2.1ms
SELECT g0."trip_id", g0."arrival_time", g0."departure_time", g0."stop_id", g0."stop_sequence", g0."pickup_type", g0."drop_off_type" FROM "gtfs_stop_times" AS g0 []
[90m↳ anonymous fn/1 in HexaRail.Simulation.Engine.build_and_freeze_stig/2, at: lib/hexarail/simulation/engine.ex:97[0m

21:40:12.730 [debug] QUERY OK source="gtfs_stop_times" db=0.2ms
SELECT g0."trip_id", g0."arrival_time", g0."departure_time", g0."stop_id", g0."stop_sequence", g0."pickup_type", g0."drop_off_type" FROM "gtfs_stop_times" AS g0 []
[90m↳ anonymous fn/1 in HexaRail.Simulation.Engine.build_and_freeze_stig/2, at: lib/hexarail/simulation/engine.ex:97[0m

21:40:12.760 [info] [IGNITION] 90% - Ingesting Schedule Matrix: 90%

21:40:12.761 [debug] QUERY OK db=0.3ms
commit []
[90m↳ HexaRail.Simulation.Engine.build_and_freeze_stig/2, at: lib/hexarail/simulation/engine.ex:95[0m

21:40:12.761 [info] [IGNITION] 95% - Finalizing Spatio-Temporal Interval Graph...

21:41:43.242 [debug] Processing with HexaRailWeb.TwinLive.Elixir.HexaRailWeb.TwinLive/2
  Parameters: %{}
  Pipelines: [:browser]
